Compiling the C compiler identification source file "CMakeCCompilerId.c" failed.
Compiler: /home/ubuntu/tests/coralmicro-out-of-tree-sample/coralmicro/third_party/toolchain-linux/gcc-arm-none-eabi-9-2020-q2-update/bin/arm-none-eabi-gcc 
Build flags: -Wall;-Wno-psabi;-mthumb;-fno-common;-ffunction-sections;-fdata-sections;-ffreestanding;-fno-builtin;-mapcs-frame;--specs=nano.specs;--specs=nosys.specs;-u;_printf_float;-ffile-prefix-map=/home/ubuntu/tests/coralmicro-out-of-tree-sample=;-std=gnu99
Id flags:  

The output was:
No such file or directory


Compiling the C compiler identification source file "CMakeCCompilerId.c" failed.
Compiler: /home/ubuntu/tests/coralmicro-out-of-tree-sample/coralmicro/third_party/toolchain-linux/gcc-arm-none-eabi-9-2020-q2-update/bin/arm-none-eabi-gcc 
Build flags: -Wall;-Wno-psabi;-mthumb;-fno-common;-ffunction-sections;-fdata-sections;-ffreestanding;-fno-builtin;-mapcs-frame;--specs=nano.specs;--specs=nosys.specs;-u;_printf_float;-ffile-prefix-map=/home/ubuntu/tests/coralmicro-out-of-tree-sample=;-std=gnu99
Id flags: -c 

The output was:
No such file or directory


Compiling the C compiler identification source file "CMakeCCompilerId.c" failed.
Compiler: /home/ubuntu/tests/coralmicro-out-of-tree-sample/coralmicro/third_party/toolchain-linux/gcc-arm-none-eabi-9-2020-q2-update/bin/arm-none-eabi-gcc 
Build flags: -Wall;-Wno-psabi;-mthumb;-fno-common;-ffunction-sections;-fdata-sections;-ffreestanding;-fno-builtin;-mapcs-frame;--specs=nano.specs;--specs=nosys.specs;-u;_printf_float;-ffile-prefix-map=/home/ubuntu/tests/coralmicro-out-of-tree-sample=;-std=gnu99
Id flags: -Aa 

The output was:
No such file or directory


Compiling the C compiler identification source file "CMakeCCompilerId.c" failed.
Compiler: /home/ubuntu/tests/coralmicro-out-of-tree-sample/coralmicro/third_party/toolchain-linux/gcc-arm-none-eabi-9-2020-q2-update/bin/arm-none-eabi-gcc 
Build flags: -Wall;-Wno-psabi;-mthumb;-fno-common;-ffunction-sections;-fdata-sections;-ffreestanding;-fno-builtin;-mapcs-frame;--specs=nano.specs;--specs=nosys.specs;-u;_printf_float;-ffile-prefix-map=/home/ubuntu/tests/coralmicro-out-of-tree-sample=;-std=gnu99
Id flags: -D__CLASSIC_C__ 

The output was:
No such file or directory


Compiling the C compiler identification source file "CMakeCCompilerId.c" failed.
Compiler: /home/ubuntu/tests/coralmicro-out-of-tree-sample/coralmicro/third_party/toolchain-linux/gcc-arm-none-eabi-9-2020-q2-update/bin/arm-none-eabi-gcc 
Build flags: -Wall;-Wno-psabi;-mthumb;-fno-common;-ffunction-sections;-fdata-sections;-ffreestanding;-fno-builtin;-mapcs-frame;--specs=nano.specs;--specs=nosys.specs;-u;_printf_float;-ffile-prefix-map=/home/ubuntu/tests/coralmicro-out-of-tree-sample=;-std=gnu99
Id flags: --target=arm-arm-none-eabi;-mcpu=cortex-m3 

The output was:
No such file or directory


Compiling the C compiler identification source file "CMakeCCompilerId.c" failed.
Compiler: /home/ubuntu/tests/coralmicro-out-of-tree-sample/coralmicro/third_party/toolchain-linux/gcc-arm-none-eabi-9-2020-q2-update/bin/arm-none-eabi-gcc 
Build flags: -Wall;-Wno-psabi;-mthumb;-fno-common;-ffunction-sections;-fdata-sections;-ffreestanding;-fno-builtin;-mapcs-frame;--specs=nano.specs;--specs=nosys.specs;-u;_printf_float;-ffile-prefix-map=/home/ubuntu/tests/coralmicro-out-of-tree-sample=;-std=gnu99
Id flags: -c;-I__does_not_exist__ 

The output was:
No such file or directory


Compiling the C compiler identification source file "CMakeCCompilerId.c" failed.
Compiler: /home/ubuntu/tests/coralmicro-out-of-tree-sample/coralmicro/third_party/toolchain-linux/gcc-arm-none-eabi-9-2020-q2-update/bin/arm-none-eabi-gcc 
Build flags: 
Id flags:  

The output was:
No such file or directory


Compiling the C compiler identification source file "CMakeCCompilerId.c" failed.
Compiler: /home/ubuntu/tests/coralmicro-out-of-tree-sample/coralmicro/third_party/toolchain-linux/gcc-arm-none-eabi-9-2020-q2-update/bin/arm-none-eabi-gcc 
Build flags: 
Id flags: -c 

The output was:
No such file or directory


Compiling the C compiler identification source file "CMakeCCompilerId.c" failed.
Compiler: /home/ubuntu/tests/coralmicro-out-of-tree-sample/coralmicro/third_party/toolchain-linux/gcc-arm-none-eabi-9-2020-q2-update/bin/arm-none-eabi-gcc 
Build flags: 
Id flags: -Aa 

The output was:
No such file or directory


Compiling the C compiler identification source file "CMakeCCompilerId.c" failed.
Compiler: /home/ubuntu/tests/coralmicro-out-of-tree-sample/coralmicro/third_party/toolchain-linux/gcc-arm-none-eabi-9-2020-q2-update/bin/arm-none-eabi-gcc 
Build flags: 
Id flags: -D__CLASSIC_C__ 

The output was:
No such file or directory


Compiling the C compiler identification source file "CMakeCCompilerId.c" failed.
Compiler: /home/ubuntu/tests/coralmicro-out-of-tree-sample/coralmicro/third_party/toolchain-linux/gcc-arm-none-eabi-9-2020-q2-update/bin/arm-none-eabi-gcc 
Build flags: 
Id flags: --target=arm-arm-none-eabi;-mcpu=cortex-m3 

The output was:
No such file or directory


Compiling the C compiler identification source file "CMakeCCompilerId.c" failed.
Compiler: /home/ubuntu/tests/coralmicro-out-of-tree-sample/coralmicro/third_party/toolchain-linux/gcc-arm-none-eabi-9-2020-q2-update/bin/arm-none-eabi-gcc 
Build flags: 
Id flags: -c;-I__does_not_exist__ 

The output was:
No such file or directory


Checking whether the C compiler is IAR using "" did not match "IAR .+ Compiler":
Checking whether the C compiler is IAR using "" did not match "IAR .+ Compiler":
Compiling the CXX compiler identification source file "CMakeCXXCompilerId.cpp" failed.
Compiler: /home/ubuntu/tests/coralmicro-out-of-tree-sample/coralmicro/third_party/toolchain-linux/gcc-arm-none-eabi-9-2020-q2-update/bin/arm-none-eabi-g++ 
Build flags: -Wall;-Wno-psabi;-mthumb;-fno-common;-ffunction-sections;-fdata-sections;-ffreestanding;-fno-builtin;-mapcs-frame;--specs=nano.specs;--specs=nosys.specs;-u;_printf_float;-ffile-prefix-map=/home/ubuntu/tests/coralmicro-out-of-tree-sample=;-fno-rtti;-fno-exceptions
Id flags:  

The output was:
No such file or directory


Compiling the CXX compiler identification source file "CMakeCXXCompilerId.cpp" failed.
Compiler: /home/ubuntu/tests/coralmicro-out-of-tree-sample/coralmicro/third_party/toolchain-linux/gcc-arm-none-eabi-9-2020-q2-update/bin/arm-none-eabi-g++ 
Build flags: -Wall;-Wno-psabi;-mthumb;-fno-common;-ffunction-sections;-fdata-sections;-ffreestanding;-fno-builtin;-mapcs-frame;--specs=nano.specs;--specs=nosys.specs;-u;_printf_float;-ffile-prefix-map=/home/ubuntu/tests/coralmicro-out-of-tree-sample=;-fno-rtti;-fno-exceptions
Id flags: -c 

The output was:
No such file or directory


Compiling the CXX compiler identification source file "CMakeCXXCompilerId.cpp" failed.
Compiler: /home/ubuntu/tests/coralmicro-out-of-tree-sample/coralmicro/third_party/toolchain-linux/gcc-arm-none-eabi-9-2020-q2-update/bin/arm-none-eabi-g++ 
Build flags: -Wall;-Wno-psabi;-mthumb;-fno-common;-ffunction-sections;-fdata-sections;-ffreestanding;-fno-builtin;-mapcs-frame;--specs=nano.specs;--specs=nosys.specs;-u;_printf_float;-ffile-prefix-map=/home/ubuntu/tests/coralmicro-out-of-tree-sample=;-fno-rtti;-fno-exceptions
Id flags: --c++ 

The output was:
No such file or directory


Compiling the CXX compiler identification source file "CMakeCXXCompilerId.cpp" failed.
Compiler: /home/ubuntu/tests/coralmicro-out-of-tree-sample/coralmicro/third_party/toolchain-linux/gcc-arm-none-eabi-9-2020-q2-update/bin/arm-none-eabi-g++ 
Build flags: -Wall;-Wno-psabi;-mthumb;-fno-common;-ffunction-sections;-fdata-sections;-ffreestanding;-fno-builtin;-mapcs-frame;--specs=nano.specs;--specs=nosys.specs;-u;_printf_float;-ffile-prefix-map=/home/ubuntu/tests/coralmicro-out-of-tree-sample=;-fno-rtti;-fno-exceptions
Id flags: --ec++ 

The output was:
No such file or directory


Compiling the CXX compiler identification source file "CMakeCXXCompilerId.cpp" failed.
Compiler: /home/ubuntu/tests/coralmicro-out-of-tree-sample/coralmicro/third_party/toolchain-linux/gcc-arm-none-eabi-9-2020-q2-update/bin/arm-none-eabi-g++ 
Build flags: -Wall;-Wno-psabi;-mthumb;-fno-common;-ffunction-sections;-fdata-sections;-ffreestanding;-fno-builtin;-mapcs-frame;--specs=nano.specs;--specs=nosys.specs;-u;_printf_float;-ffile-prefix-map=/home/ubuntu/tests/coralmicro-out-of-tree-sample=;-fno-rtti;-fno-exceptions
Id flags: --target=arm-arm-none-eabi;-mcpu=cortex-m3 

The output was:
No such file or directory


Compiling the CXX compiler identification source file "CMakeCXXCompilerId.cpp" failed.
Compiler: /home/ubuntu/tests/coralmicro-out-of-tree-sample/coralmicro/third_party/toolchain-linux/gcc-arm-none-eabi-9-2020-q2-update/bin/arm-none-eabi-g++ 
Build flags: -Wall;-Wno-psabi;-mthumb;-fno-common;-ffunction-sections;-fdata-sections;-ffreestanding;-fno-builtin;-mapcs-frame;--specs=nano.specs;--specs=nosys.specs;-u;_printf_float;-ffile-prefix-map=/home/ubuntu/tests/coralmicro-out-of-tree-sample=;-fno-rtti;-fno-exceptions
Id flags: -c;-I__does_not_exist__ 

The output was:
No such file or directory


Compiling the CXX compiler identification source file "CMakeCXXCompilerId.cpp" failed.
Compiler: /home/ubuntu/tests/coralmicro-out-of-tree-sample/coralmicro/third_party/toolchain-linux/gcc-arm-none-eabi-9-2020-q2-update/bin/arm-none-eabi-g++ 
Build flags: 
Id flags:  

The output was:
No such file or directory


Compiling the CXX compiler identification source file "CMakeCXXCompilerId.cpp" failed.
Compiler: /home/ubuntu/tests/coralmicro-out-of-tree-sample/coralmicro/third_party/toolchain-linux/gcc-arm-none-eabi-9-2020-q2-update/bin/arm-none-eabi-g++ 
Build flags: 
Id flags: -c 

The output was:
No such file or directory


Compiling the CXX compiler identification source file "CMakeCXXCompilerId.cpp" failed.
Compiler: /home/ubuntu/tests/coralmicro-out-of-tree-sample/coralmicro/third_party/toolchain-linux/gcc-arm-none-eabi-9-2020-q2-update/bin/arm-none-eabi-g++ 
Build flags: 
Id flags: --c++ 

The output was:
No such file or directory


Compiling the CXX compiler identification source file "CMakeCXXCompilerId.cpp" failed.
Compiler: /home/ubuntu/tests/coralmicro-out-of-tree-sample/coralmicro/third_party/toolchain-linux/gcc-arm-none-eabi-9-2020-q2-update/bin/arm-none-eabi-g++ 
Build flags: 
Id flags: --ec++ 

The output was:
No such file or directory


Compiling the CXX compiler identification source file "CMakeCXXCompilerId.cpp" failed.
Compiler: /home/ubuntu/tests/coralmicro-out-of-tree-sample/coralmicro/third_party/toolchain-linux/gcc-arm-none-eabi-9-2020-q2-update/bin/arm-none-eabi-g++ 
Build flags: 
Id flags: --target=arm-arm-none-eabi;-mcpu=cortex-m3 

The output was:
No such file or directory


Compiling the CXX compiler identification source file "CMakeCXXCompilerId.cpp" failed.
Compiler: /home/ubuntu/tests/coralmicro-out-of-tree-sample/coralmicro/third_party/toolchain-linux/gcc-arm-none-eabi-9-2020-q2-update/bin/arm-none-eabi-g++ 
Build flags: 
Id flags: -c;-I__does_not_exist__ 

The output was:
No such file or directory


Checking whether the CXX compiler is IAR using "" did not match "IAR .+ Compiler":
Checking whether the CXX compiler is IAR using "" did not match "IAR .+ Compiler":
Compiling the C compiler identification source file "CMakeCCompilerId.c" failed.
Compiler: /home/ubuntu/tests/coralmicro-out-of-tree-sample/coralmicro/third_party/toolchain-linux/gcc-arm-none-eabi-9-2020-q2-update/bin/arm-none-eabi-gcc 
Build flags: -Wall;-Wno-psabi;-mthumb;-fno-common;-ffunction-sections;-fdata-sections;-ffreestanding;-fno-builtin;-mapcs-frame;--specs=nano.specs;--specs=nosys.specs;-u;_printf_float;-ffile-prefix-map=/home/ubuntu/tests/coralmicro-out-of-tree-sample=;-std=gnu99
Id flags:  

The output was:
No such file or directory


Compiling the C compiler identification source file "CMakeCCompilerId.c" failed.
Compiler: /home/ubuntu/tests/coralmicro-out-of-tree-sample/coralmicro/third_party/toolchain-linux/gcc-arm-none-eabi-9-2020-q2-update/bin/arm-none-eabi-gcc 
Build flags: -Wall;-Wno-psabi;-mthumb;-fno-common;-ffunction-sections;-fdata-sections;-ffreestanding;-fno-builtin;-mapcs-frame;--specs=nano.specs;--specs=nosys.specs;-u;_printf_float;-ffile-prefix-map=/home/ubuntu/tests/coralmicro-out-of-tree-sample=;-std=gnu99
Id flags: -c 

The output was:
No such file or directory


Compiling the C compiler identification source file "CMakeCCompilerId.c" failed.
Compiler: /home/ubuntu/tests/coralmicro-out-of-tree-sample/coralmicro/third_party/toolchain-linux/gcc-arm-none-eabi-9-2020-q2-update/bin/arm-none-eabi-gcc 
Build flags: -Wall;-Wno-psabi;-mthumb;-fno-common;-ffunction-sections;-fdata-sections;-ffreestanding;-fno-builtin;-mapcs-frame;--specs=nano.specs;--specs=nosys.specs;-u;_printf_float;-ffile-prefix-map=/home/ubuntu/tests/coralmicro-out-of-tree-sample=;-std=gnu99
Id flags: -Aa 

The output was:
No such file or directory


Compiling the C compiler identification source file "CMakeCCompilerId.c" failed.
Compiler: /home/ubuntu/tests/coralmicro-out-of-tree-sample/coralmicro/third_party/toolchain-linux/gcc-arm-none-eabi-9-2020-q2-update/bin/arm-none-eabi-gcc 
Build flags: -Wall;-Wno-psabi;-mthumb;-fno-common;-ffunction-sections;-fdata-sections;-ffreestanding;-fno-builtin;-mapcs-frame;--specs=nano.specs;--specs=nosys.specs;-u;_printf_float;-ffile-prefix-map=/home/ubuntu/tests/coralmicro-out-of-tree-sample=;-std=gnu99
Id flags: -D__CLASSIC_C__ 

The output was:
No such file or directory


Compiling the C compiler identification source file "CMakeCCompilerId.c" failed.
Compiler: /home/ubuntu/tests/coralmicro-out-of-tree-sample/coralmicro/third_party/toolchain-linux/gcc-arm-none-eabi-9-2020-q2-update/bin/arm-none-eabi-gcc 
Build flags: -Wall;-Wno-psabi;-mthumb;-fno-common;-ffunction-sections;-fdata-sections;-ffreestanding;-fno-builtin;-mapcs-frame;--specs=nano.specs;--specs=nosys.specs;-u;_printf_float;-ffile-prefix-map=/home/ubuntu/tests/coralmicro-out-of-tree-sample=;-std=gnu99
Id flags: --target=arm-arm-none-eabi;-mcpu=cortex-m3 

The output was:
No such file or directory


Compiling the C compiler identification source file "CMakeCCompilerId.c" failed.
Compiler: /home/ubuntu/tests/coralmicro-out-of-tree-sample/coralmicro/third_party/toolchain-linux/gcc-arm-none-eabi-9-2020-q2-update/bin/arm-none-eabi-gcc 
Build flags: -Wall;-Wno-psabi;-mthumb;-fno-common;-ffunction-sections;-fdata-sections;-ffreestanding;-fno-builtin;-mapcs-frame;--specs=nano.specs;--specs=nosys.specs;-u;_printf_float;-ffile-prefix-map=/home/ubuntu/tests/coralmicro-out-of-tree-sample=;-std=gnu99
Id flags: -c;-I__does_not_exist__ 

The output was:
No such file or directory


Compiling the C compiler identification source file "CMakeCCompilerId.c" failed.
Compiler: /home/ubuntu/tests/coralmicro-out-of-tree-sample/coralmicro/third_party/toolchain-linux/gcc-arm-none-eabi-9-2020-q2-update/bin/arm-none-eabi-gcc 
Build flags: 
Id flags:  

The output was:
No such file or directory


Compiling the C compiler identification source file "CMakeCCompilerId.c" failed.
Compiler: /home/ubuntu/tests/coralmicro-out-of-tree-sample/coralmicro/third_party/toolchain-linux/gcc-arm-none-eabi-9-2020-q2-update/bin/arm-none-eabi-gcc 
Build flags: 
Id flags: -c 

The output was:
No such file or directory


Compiling the C compiler identification source file "CMakeCCompilerId.c" failed.
Compiler: /home/ubuntu/tests/coralmicro-out-of-tree-sample/coralmicro/third_party/toolchain-linux/gcc-arm-none-eabi-9-2020-q2-update/bin/arm-none-eabi-gcc 
Build flags: 
Id flags: -Aa 

The output was:
No such file or directory


Compiling the C compiler identification source file "CMakeCCompilerId.c" failed.
Compiler: /home/ubuntu/tests/coralmicro-out-of-tree-sample/coralmicro/third_party/toolchain-linux/gcc-arm-none-eabi-9-2020-q2-update/bin/arm-none-eabi-gcc 
Build flags: 
Id flags: -D__CLASSIC_C__ 

The output was:
No such file or directory


Compiling the C compiler identification source file "CMakeCCompilerId.c" failed.
Compiler: /home/ubuntu/tests/coralmicro-out-of-tree-sample/coralmicro/third_party/toolchain-linux/gcc-arm-none-eabi-9-2020-q2-update/bin/arm-none-eabi-gcc 
Build flags: 
Id flags: --target=arm-arm-none-eabi;-mcpu=cortex-m3 

The output was:
No such file or directory


Compiling the C compiler identification source file "CMakeCCompilerId.c" failed.
Compiler: /home/ubuntu/tests/coralmicro-out-of-tree-sample/coralmicro/third_party/toolchain-linux/gcc-arm-none-eabi-9-2020-q2-update/bin/arm-none-eabi-gcc 
Build flags: 
Id flags: -c;-I__does_not_exist__ 

The output was:
No such file or directory


Checking whether the C compiler is IAR using "" did not match "IAR .+ Compiler":
Checking whether the C compiler is IAR using "" did not match "IAR .+ Compiler":
Compiling the CXX compiler identification source file "CMakeCXXCompilerId.cpp" failed.
Compiler: /home/ubuntu/tests/coralmicro-out-of-tree-sample/coralmicro/third_party/toolchain-linux/gcc-arm-none-eabi-9-2020-q2-update/bin/arm-none-eabi-g++ 
Build flags: -Wall;-Wno-psabi;-mthumb;-fno-common;-ffunction-sections;-fdata-sections;-ffreestanding;-fno-builtin;-mapcs-frame;--specs=nano.specs;--specs=nosys.specs;-u;_printf_float;-ffile-prefix-map=/home/ubuntu/tests/coralmicro-out-of-tree-sample=;-fno-rtti;-fno-exceptions
Id flags:  

The output was:
No such file or directory


Compiling the CXX compiler identification source file "CMakeCXXCompilerId.cpp" failed.
Compiler: /home/ubuntu/tests/coralmicro-out-of-tree-sample/coralmicro/third_party/toolchain-linux/gcc-arm-none-eabi-9-2020-q2-update/bin/arm-none-eabi-g++ 
Build flags: -Wall;-Wno-psabi;-mthumb;-fno-common;-ffunction-sections;-fdata-sections;-ffreestanding;-fno-builtin;-mapcs-frame;--specs=nano.specs;--specs=nosys.specs;-u;_printf_float;-ffile-prefix-map=/home/ubuntu/tests/coralmicro-out-of-tree-sample=;-fno-rtti;-fno-exceptions
Id flags: -c 

The output was:
No such file or directory


Compiling the CXX compiler identification source file "CMakeCXXCompilerId.cpp" failed.
Compiler: /home/ubuntu/tests/coralmicro-out-of-tree-sample/coralmicro/third_party/toolchain-linux/gcc-arm-none-eabi-9-2020-q2-update/bin/arm-none-eabi-g++ 
Build flags: -Wall;-Wno-psabi;-mthumb;-fno-common;-ffunction-sections;-fdata-sections;-ffreestanding;-fno-builtin;-mapcs-frame;--specs=nano.specs;--specs=nosys.specs;-u;_printf_float;-ffile-prefix-map=/home/ubuntu/tests/coralmicro-out-of-tree-sample=;-fno-rtti;-fno-exceptions
Id flags: --c++ 

The output was:
No such file or directory


Compiling the CXX compiler identification source file "CMakeCXXCompilerId.cpp" failed.
Compiler: /home/ubuntu/tests/coralmicro-out-of-tree-sample/coralmicro/third_party/toolchain-linux/gcc-arm-none-eabi-9-2020-q2-update/bin/arm-none-eabi-g++ 
Build flags: -Wall;-Wno-psabi;-mthumb;-fno-common;-ffunction-sections;-fdata-sections;-ffreestanding;-fno-builtin;-mapcs-frame;--specs=nano.specs;--specs=nosys.specs;-u;_printf_float;-ffile-prefix-map=/home/ubuntu/tests/coralmicro-out-of-tree-sample=;-fno-rtti;-fno-exceptions
Id flags: --ec++ 

The output was:
No such file or directory


Compiling the CXX compiler identification source file "CMakeCXXCompilerId.cpp" failed.
Compiler: /home/ubuntu/tests/coralmicro-out-of-tree-sample/coralmicro/third_party/toolchain-linux/gcc-arm-none-eabi-9-2020-q2-update/bin/arm-none-eabi-g++ 
Build flags: -Wall;-Wno-psabi;-mthumb;-fno-common;-ffunction-sections;-fdata-sections;-ffreestanding;-fno-builtin;-mapcs-frame;--specs=nano.specs;--specs=nosys.specs;-u;_printf_float;-ffile-prefix-map=/home/ubuntu/tests/coralmicro-out-of-tree-sample=;-fno-rtti;-fno-exceptions
Id flags: --target=arm-arm-none-eabi;-mcpu=cortex-m3 

The output was:
No such file or directory


Compiling the CXX compiler identification source file "CMakeCXXCompilerId.cpp" failed.
Compiler: /home/ubuntu/tests/coralmicro-out-of-tree-sample/coralmicro/third_party/toolchain-linux/gcc-arm-none-eabi-9-2020-q2-update/bin/arm-none-eabi-g++ 
Build flags: -Wall;-Wno-psabi;-mthumb;-fno-common;-ffunction-sections;-fdata-sections;-ffreestanding;-fno-builtin;-mapcs-frame;--specs=nano.specs;--specs=nosys.specs;-u;_printf_float;-ffile-prefix-map=/home/ubuntu/tests/coralmicro-out-of-tree-sample=;-fno-rtti;-fno-exceptions
Id flags: -c;-I__does_not_exist__ 

The output was:
No such file or directory


Compiling the CXX compiler identification source file "CMakeCXXCompilerId.cpp" failed.
Compiler: /home/ubuntu/tests/coralmicro-out-of-tree-sample/coralmicro/third_party/toolchain-linux/gcc-arm-none-eabi-9-2020-q2-update/bin/arm-none-eabi-g++ 
Build flags: 
Id flags:  

The output was:
No such file or directory


Compiling the CXX compiler identification source file "CMakeCXXCompilerId.cpp" failed.
Compiler: /home/ubuntu/tests/coralmicro-out-of-tree-sample/coralmicro/third_party/toolchain-linux/gcc-arm-none-eabi-9-2020-q2-update/bin/arm-none-eabi-g++ 
Build flags: 
Id flags: -c 

The output was:
No such file or directory


Compiling the CXX compiler identification source file "CMakeCXXCompilerId.cpp" failed.
Compiler: /home/ubuntu/tests/coralmicro-out-of-tree-sample/coralmicro/third_party/toolchain-linux/gcc-arm-none-eabi-9-2020-q2-update/bin/arm-none-eabi-g++ 
Build flags: 
Id flags: --c++ 

The output was:
No such file or directory


Compiling the CXX compiler identification source file "CMakeCXXCompilerId.cpp" failed.
Compiler: /home/ubuntu/tests/coralmicro-out-of-tree-sample/coralmicro/third_party/toolchain-linux/gcc-arm-none-eabi-9-2020-q2-update/bin/arm-none-eabi-g++ 
Build flags: 
Id flags: --ec++ 

The output was:
No such file or directory


Compiling the CXX compiler identification source file "CMakeCXXCompilerId.cpp" failed.
Compiler: /home/ubuntu/tests/coralmicro-out-of-tree-sample/coralmicro/third_party/toolchain-linux/gcc-arm-none-eabi-9-2020-q2-update/bin/arm-none-eabi-g++ 
Build flags: 
Id flags: --target=arm-arm-none-eabi;-mcpu=cortex-m3 

The output was:
No such file or directory


Compiling the CXX compiler identification source file "CMakeCXXCompilerId.cpp" failed.
Compiler: /home/ubuntu/tests/coralmicro-out-of-tree-sample/coralmicro/third_party/toolchain-linux/gcc-arm-none-eabi-9-2020-q2-update/bin/arm-none-eabi-g++ 
Build flags: 
Id flags: -c;-I__does_not_exist__ 

The output was:
No such file or directory


Checking whether the CXX compiler is IAR using "" did not match "IAR .+ Compiler":
Checking whether the CXX compiler is IAR using "" did not match "IAR .+ Compiler":
