The target system is: Generic -  - arm
The host system is: Linux - 6.5.0-41-generic - x86_64
Compiling the C compiler identification source file "CMakeCCompilerId.c" succeeded.
Compiler: /home/ubuntu/tests/coralmicro-out-of-tree-sample/coralmicro/third_party/toolchain-linux/gcc-arm-none-eabi-9-2020-q2-update/bin/arm-none-eabi-gcc 
Build flags: -Wall;-Wno-psabi;-mthumb;-fno-common;-ffunction-sections;-fdata-sections;-ffreestanding;-fno-builtin;-mapcs-frame;--specs=nano.specs;--specs=nosys.specs;-u;_printf_float;-ffile-prefix-map=/home/ubuntu/tests/coralmicro-out-of-tree-sample=;-std=gnu99
Id flags:  

The output was:
0


Compilation of the C compiler identification source "CMakeCCompilerId.c" produced "a.out"

The C compiler identification is GNU, found in "/home/ubuntu/tests/coralmicro-out-of-tree-sample/out/CMakeFiles/3.22.1/CompilerIdC/a.out"

Compiling the CXX compiler identification source file "CMakeCXXCompilerId.cpp" succeeded.
Compiler: /home/ubuntu/tests/coralmicro-out-of-tree-sample/coralmicro/third_party/toolchain-linux/gcc-arm-none-eabi-9-2020-q2-update/bin/arm-none-eabi-g++ 
Build flags: -Wall;-Wno-psabi;-mthumb;-fno-common;-ffunction-sections;-fdata-sections;-ffreestanding;-fno-builtin;-mapcs-frame;--specs=nano.specs;--specs=nosys.specs;-u;_printf_float;-ffile-prefix-map=/home/ubuntu/tests/coralmicro-out-of-tree-sample=;-fno-rtti;-fno-exceptions
Id flags:  

The output was:
0


Compilation of the CXX compiler identification source "CMakeCXXCompilerId.cpp" produced "a.out"

The CXX compiler identification is GNU, found in "/home/ubuntu/tests/coralmicro-out-of-tree-sample/out/CMakeFiles/3.22.1/CompilerIdCXX/a.out"

Detecting C compiler ABI info compiled with the following output:
Change Dir: /home/ubuntu/tests/coralmicro-out-of-tree-sample/out/CMakeFiles/CMakeTmp

Run Build Command(s):/usr/bin/gmake -f Makefile cmTC_2207c/fast && /usr/bin/gmake  -f CMakeFiles/cmTC_2207c.dir/build.make CMakeFiles/cmTC_2207c.dir/build
gmake[1]: Entering directory '/home/ubuntu/tests/coralmicro-out-of-tree-sample/out/CMakeFiles/CMakeTmp'
Building C object CMakeFiles/cmTC_2207c.dir/CMakeCCompilerABI.c.obj
/home/ubuntu/tests/coralmicro-out-of-tree-sample/coralmicro/third_party/toolchain-linux/gcc-arm-none-eabi-9-2020-q2-update/bin/arm-none-eabi-gcc   -Wall -Wno-psabi -mthumb -fno-common -ffunction-sections -fdata-sections -ffreestanding -fno-builtin -mapcs-frame --specs=nano.specs --specs=nosys.specs -u _printf_float -ffile-prefix-map=/home/ubuntu/tests/coralmicro-out-of-tree-sample= -std=gnu99    -v -o CMakeFiles/cmTC_2207c.dir/CMakeCCompilerABI.c.obj -c /usr/share/cmake-3.22/Modules/CMakeCCompilerABI.c
Using built-in specs.
Reading specs from /home/ubuntu/tests/coralmicro-out-of-tree-sample/coralmicro/third_party/toolchain-linux/gcc-arm-none-eabi-9-2020-q2-update/bin/../lib/gcc/arm-none-eabi/9.3.1/../../../../arm-none-eabi/lib/nano.specs
rename spec link to nano_link
rename spec link_gcc_c_sequence to nano_link_gcc_c_sequence
rename spec cpp_unique_options to nano_cpp_unique_options
Reading specs from /home/ubuntu/tests/coralmicro-out-of-tree-sample/coralmicro/third_party/toolchain-linux/gcc-arm-none-eabi-9-2020-q2-update/bin/../lib/gcc/arm-none-eabi/9.3.1/../../../../arm-none-eabi/lib/nosys.specs
rename spec link_gcc_c_sequence to nosys_link_gcc_c_sequence
COLLECT_GCC=/home/ubuntu/tests/coralmicro-out-of-tree-sample/coralmicro/third_party/toolchain-linux/gcc-arm-none-eabi-9-2020-q2-update/bin/arm-none-eabi-gcc
Target: arm-none-eabi
Configured with: /mnt/workspace/workspace/GCC-9-pipeline/jenkins-GCC-9-pipeline-200_20200521_1590053374/src/gcc/configure --target=arm-none-eabi --prefix=/mnt/workspace/workspace/GCC-9-pipeline/jenkins-GCC-9-pipeline-200_20200521_1590053374/install-native --libexecdir=/mnt/workspace/workspace/GCC-9-pipeline/jenkins-GCC-9-pipeline-200_20200521_1590053374/install-native/lib --infodir=/mnt/workspace/workspace/GCC-9-pipeline/jenkins-GCC-9-pipeline-200_20200521_1590053374/install-native/share/doc/gcc-arm-none-eabi/info --mandir=/mnt/workspace/workspace/GCC-9-pipeline/jenkins-GCC-9-pipeline-200_20200521_1590053374/install-native/share/doc/gcc-arm-none-eabi/man --htmldir=/mnt/workspace/workspace/GCC-9-pipeline/jenkins-GCC-9-pipeline-200_20200521_1590053374/install-native/share/doc/gcc-arm-none-eabi/html --pdfdir=/mnt/workspace/workspace/GCC-9-pipeline/jenkins-GCC-9-pipeline-200_20200521_1590053374/install-native/share/doc/gcc-arm-none-eabi/pdf --enable-languages=c,c++ --enable-plugins --disable-decimal-float --disable-libffi --disable-libgomp --disable-libmudflap --disable-libquadmath --disable-libssp --disable-libstdcxx-pch --disable-nls --disable-shared --disable-threads --disable-tls --with-gnu-as --with-gnu-ld --with-newlib --with-headers=yes --with-python-dir=share/gcc-arm-none-eabi --with-sysroot=/mnt/workspace/workspace/GCC-9-pipeline/jenkins-GCC-9-pipeline-200_20200521_1590053374/install-native/arm-none-eabi --build=x86_64-linux-gnu --host=x86_64-linux-gnu --with-gmp=/mnt/workspace/workspace/GCC-9-pipeline/jenkins-GCC-9-pipeline-200_20200521_1590053374/build-native/host-libs/usr --with-mpfr=/mnt/workspace/workspace/GCC-9-pipeline/jenkins-GCC-9-pipeline-200_20200521_1590053374/build-native/host-libs/usr --with-mpc=/mnt/workspace/workspace/GCC-9-pipeline/jenkins-GCC-9-pipeline-200_20200521_1590053374/build-native/host-libs/usr --with-isl=/mnt/workspace/workspace/GCC-9-pipeline/jenkins-GCC-9-pipeline-200_20200521_1590053374/build-native/host-libs/usr --with-libelf=/mnt/workspace/workspace/GCC-9-pipeline/jenkins-GCC-9-pipeline-200_20200521_1590053374/build-native/host-libs/usr --with-host-libstdcxx='-static-libgcc -Wl,-Bstatic,-lstdc++,-Bdynamic -lm' --with-pkgversion='GNU Arm Embedded Toolchain 9-2020-q2-update' --with-multilib-list=rmprofile,aprofile
Thread model: single
gcc version 9.3.1 20200408 (release) (GNU Arm Embedded Toolchain 9-2020-q2-update) 
COLLECT_GCC_OPTIONS='-Wall' '-Wno-psabi' '-mthumb' '-fno-common' '-ffunction-sections' '-fdata-sections' '-ffreestanding' '-fno-builtin' '-mapcs-frame' '-specs=nano.specs' '-specs=nosys.specs' '-u' '_printf_float' '-ffile-prefix-map=/home/ubuntu/tests/coralmicro-out-of-tree-sample=' '-std=gnu99' '-v' '-o' 'CMakeFiles/cmTC_2207c.dir/CMakeCCompilerABI.c.obj' '-c' '-mcpu=arm7tdmi' '-mfloat-abi=soft' '-march=armv4t'
 /home/ubuntu/tests/coralmicro-out-of-tree-sample/coralmicro/third_party/toolchain-linux/gcc-arm-none-eabi-9-2020-q2-update/bin/../lib/gcc/arm-none-eabi/9.3.1/cc1 -isystem =/include/newlib-nano -quiet -v -imultilib thumb/nofp -iprefix /home/ubuntu/tests/coralmicro-out-of-tree-sample/coralmicro/third_party/toolchain-linux/gcc-arm-none-eabi-9-2020-q2-update/bin/../lib/gcc/arm-none-eabi/9.3.1/ -isysroot /home/ubuntu/tests/coralmicro-out-of-tree-sample/coralmicro/third_party/toolchain-linux/gcc-arm-none-eabi-9-2020-q2-update/bin/../arm-none-eabi -D__USES_INITFINI__ /usr/share/cmake-3.22/Modules/CMakeCCompilerABI.c -quiet -dumpbase CMakeCCompilerABI.c -mthumb -mapcs-frame -mcpu=arm7tdmi -mfloat-abi=soft -march=armv4t -auxbase-strip CMakeFiles/cmTC_2207c.dir/CMakeCCompilerABI.c.obj -Wall -Wno-psabi -std=gnu99 -version -fno-common -ffunction-sections -fdata-sections -ffreestanding -fno-builtin -ffile-prefix-map=/home/ubuntu/tests/coralmicro-out-of-tree-sample= -o /tmp/ccdqdHnb.s
GNU C99 (GNU Arm Embedded Toolchain 9-2020-q2-update) version 9.3.1 20200408 (release) (arm-none-eabi)
	compiled by GNU C version 4.8.4, GMP version 6.1.0, MPFR version 3.1.4, MPC version 1.0.3, isl version isl-0.18-GMP

GGC heuristics: --param ggc-min-expand=100 --param ggc-min-heapsize=131072
ignoring duplicate directory "/home/ubuntu/tests/coralmicro-out-of-tree-sample/coralmicro/third_party/toolchain-linux/gcc-arm-none-eabi-9-2020-q2-update/bin/../lib/gcc/../../lib/gcc/arm-none-eabi/9.3.1/include"
ignoring nonexistent directory "/home/ubuntu/tests/coralmicro-out-of-tree-sample/coralmicro/third_party/toolchain-linux/gcc-arm-none-eabi-9-2020-q2-update/bin/../arm-none-eabi/usr/local/include"
ignoring duplicate directory "/home/ubuntu/tests/coralmicro-out-of-tree-sample/coralmicro/third_party/toolchain-linux/gcc-arm-none-eabi-9-2020-q2-update/bin/../lib/gcc/../../lib/gcc/arm-none-eabi/9.3.1/include-fixed"
ignoring duplicate directory "/home/ubuntu/tests/coralmicro-out-of-tree-sample/coralmicro/third_party/toolchain-linux/gcc-arm-none-eabi-9-2020-q2-update/bin/../lib/gcc/../../lib/gcc/arm-none-eabi/9.3.1/../../../../arm-none-eabi/include"
ignoring nonexistent directory "/home/ubuntu/tests/coralmicro-out-of-tree-sample/coralmicro/third_party/toolchain-linux/gcc-arm-none-eabi-9-2020-q2-update/bin/../arm-none-eabi/usr/include"
#include "..." search starts here:
#include <...> search starts here:
 /home/ubuntu/tests/coralmicro-out-of-tree-sample/coralmicro/third_party/toolchain-linux/gcc-arm-none-eabi-9-2020-q2-update/bin/../arm-none-eabi/include/newlib-nano
 /home/ubuntu/tests/coralmicro-out-of-tree-sample/coralmicro/third_party/toolchain-linux/gcc-arm-none-eabi-9-2020-q2-update/bin/../lib/gcc/arm-none-eabi/9.3.1/include
 /home/ubuntu/tests/coralmicro-out-of-tree-sample/coralmicro/third_party/toolchain-linux/gcc-arm-none-eabi-9-2020-q2-update/bin/../lib/gcc/arm-none-eabi/9.3.1/include-fixed
 /home/ubuntu/tests/coralmicro-out-of-tree-sample/coralmicro/third_party/toolchain-linux/gcc-arm-none-eabi-9-2020-q2-update/bin/../lib/gcc/arm-none-eabi/9.3.1/../../../../arm-none-eabi/include
End of search list.
GNU C99 (GNU Arm Embedded Toolchain 9-2020-q2-update) version 9.3.1 20200408 (release) (arm-none-eabi)
	compiled by GNU C version 4.8.4, GMP version 6.1.0, MPFR version 3.1.4, MPC version 1.0.3, isl version isl-0.18-GMP

GGC heuristics: --param ggc-min-expand=100 --param ggc-min-heapsize=131072
Compiler executable checksum: 17f1e178bf798cb7013d26242c30c1f0
COLLECT_GCC_OPTIONS='-Wall' '-Wno-psabi' '-mthumb' '-fno-common' '-ffunction-sections' '-fdata-sections' '-ffreestanding' '-fno-builtin' '-mapcs-frame' '-specs=nano.specs' '-specs=nosys.specs' '-u' '_printf_float' '-ffile-prefix-map=/home/ubuntu/tests/coralmicro-out-of-tree-sample=' '-std=gnu99' '-v' '-o' 'CMakeFiles/cmTC_2207c.dir/CMakeCCompilerABI.c.obj' '-c' '-mcpu=arm7tdmi' '-mfloat-abi=soft' '-march=armv4t'
 /home/ubuntu/tests/coralmicro-out-of-tree-sample/coralmicro/third_party/toolchain-linux/gcc-arm-none-eabi-9-2020-q2-update/bin/../lib/gcc/arm-none-eabi/9.3.1/../../../../arm-none-eabi/bin/as -v -march=armv4t -mapcs-frame -mfloat-abi=soft -meabi=5 -o CMakeFiles/cmTC_2207c.dir/CMakeCCompilerABI.c.obj /tmp/ccdqdHnb.s
GNU assembler version 2.34.0 (arm-none-eabi) using BFD version (GNU Arm Embedded Toolchain 9-2020-q2-update) 2.34.0.20200428
COMPILER_PATH=/home/ubuntu/tests/coralmicro-out-of-tree-sample/coralmicro/third_party/toolchain-linux/gcc-arm-none-eabi-9-2020-q2-update/bin/../lib/gcc/arm-none-eabi/9.3.1/:/home/ubuntu/tests/coralmicro-out-of-tree-sample/coralmicro/third_party/toolchain-linux/gcc-arm-none-eabi-9-2020-q2-update/bin/../lib/gcc/:/home/ubuntu/tests/coralmicro-out-of-tree-sample/coralmicro/third_party/toolchain-linux/gcc-arm-none-eabi-9-2020-q2-update/bin/../lib/gcc/arm-none-eabi/9.3.1/../../../../arm-none-eabi/bin/
LIBRARY_PATH=/home/ubuntu/tests/coralmicro-out-of-tree-sample/coralmicro/third_party/toolchain-linux/gcc-arm-none-eabi-9-2020-q2-update/bin/../lib/gcc/arm-none-eabi/9.3.1/thumb/nofp/:/home/ubuntu/tests/coralmicro-out-of-tree-sample/coralmicro/third_party/toolchain-linux/gcc-arm-none-eabi-9-2020-q2-update/bin/../lib/gcc/arm-none-eabi/9.3.1/../../../../arm-none-eabi/lib/thumb/nofp/:/home/ubuntu/tests/coralmicro-out-of-tree-sample/coralmicro/third_party/toolchain-linux/gcc-arm-none-eabi-9-2020-q2-update/bin/../arm-none-eabi/lib/thumb/nofp/:/home/ubuntu/tests/coralmicro-out-of-tree-sample/coralmicro/third_party/toolchain-linux/gcc-arm-none-eabi-9-2020-q2-update/bin/../lib/gcc/arm-none-eabi/9.3.1/:/home/ubuntu/tests/coralmicro-out-of-tree-sample/coralmicro/third_party/toolchain-linux/gcc-arm-none-eabi-9-2020-q2-update/bin/../lib/gcc/:/home/ubuntu/tests/coralmicro-out-of-tree-sample/coralmicro/third_party/toolchain-linux/gcc-arm-none-eabi-9-2020-q2-update/bin/../lib/gcc/arm-none-eabi/9.3.1/../../../../arm-none-eabi/lib/:/home/ubuntu/tests/coralmicro-out-of-tree-sample/coralmicro/third_party/toolchain-linux/gcc-arm-none-eabi-9-2020-q2-update/bin/../arm-none-eabi/lib/
COLLECT_GCC_OPTIONS='-Wall' '-Wno-psabi' '-mthumb' '-fno-common' '-ffunction-sections' '-fdata-sections' '-ffreestanding' '-fno-builtin' '-mapcs-frame' '-specs=nano.specs' '-specs=nosys.specs' '-u' '_printf_float' '-ffile-prefix-map=/home/ubuntu/tests/coralmicro-out-of-tree-sample=' '-std=gnu99' '-v' '-o' 'CMakeFiles/cmTC_2207c.dir/CMakeCCompilerABI.c.obj' '-c' '-mcpu=arm7tdmi' '-mfloat-abi=soft' '-march=armv4t'
Linking C static library libcmTC_2207c.a
/usr/bin/cmake -P CMakeFiles/cmTC_2207c.dir/cmake_clean_target.cmake
/usr/bin/cmake -E cmake_link_script CMakeFiles/cmTC_2207c.dir/link.txt --verbose=1
/home/ubuntu/tests/coralmicro-out-of-tree-sample/coralmicro/third_party/toolchain-linux/gcc-arm-none-eabi-9-2020-q2-update/bin/arm-none-eabi-ar rcsP libcmTC_2207c.a CMakeFiles/cmTC_2207c.dir/CMakeCCompilerABI.c.obj
gmake[1]: Leaving directory '/home/ubuntu/tests/coralmicro-out-of-tree-sample/out/CMakeFiles/CMakeTmp'



Parsed C implicit include dir info from above output: rv=done
  found start of include info
  found start of implicit include info
    add: [/home/ubuntu/tests/coralmicro-out-of-tree-sample/coralmicro/third_party/toolchain-linux/gcc-arm-none-eabi-9-2020-q2-update/bin/../arm-none-eabi/include/newlib-nano]
    add: [/home/ubuntu/tests/coralmicro-out-of-tree-sample/coralmicro/third_party/toolchain-linux/gcc-arm-none-eabi-9-2020-q2-update/bin/../lib/gcc/arm-none-eabi/9.3.1/include]
    add: [/home/ubuntu/tests/coralmicro-out-of-tree-sample/coralmicro/third_party/toolchain-linux/gcc-arm-none-eabi-9-2020-q2-update/bin/../lib/gcc/arm-none-eabi/9.3.1/include-fixed]
    add: [/home/ubuntu/tests/coralmicro-out-of-tree-sample/coralmicro/third_party/toolchain-linux/gcc-arm-none-eabi-9-2020-q2-update/bin/../lib/gcc/arm-none-eabi/9.3.1/../../../../arm-none-eabi/include]
  end of search list found
  collapse include dir [/home/ubuntu/tests/coralmicro-out-of-tree-sample/coralmicro/third_party/toolchain-linux/gcc-arm-none-eabi-9-2020-q2-update/bin/../arm-none-eabi/include/newlib-nano] ==> [/home/ubuntu/tests/coralmicro-out-of-tree-sample/coralmicro/third_party/toolchain-linux/gcc-arm-none-eabi-9-2020-q2-update/arm-none-eabi/include/newlib-nano]
  collapse include dir [/home/ubuntu/tests/coralmicro-out-of-tree-sample/coralmicro/third_party/toolchain-linux/gcc-arm-none-eabi-9-2020-q2-update/bin/../lib/gcc/arm-none-eabi/9.3.1/include] ==> [/home/ubuntu/tests/coralmicro-out-of-tree-sample/coralmicro/third_party/toolchain-linux/gcc-arm-none-eabi-9-2020-q2-update/lib/gcc/arm-none-eabi/9.3.1/include]
  collapse include dir [/home/ubuntu/tests/coralmicro-out-of-tree-sample/coralmicro/third_party/toolchain-linux/gcc-arm-none-eabi-9-2020-q2-update/bin/../lib/gcc/arm-none-eabi/9.3.1/include-fixed] ==> [/home/ubuntu/tests/coralmicro-out-of-tree-sample/coralmicro/third_party/toolchain-linux/gcc-arm-none-eabi-9-2020-q2-update/lib/gcc/arm-none-eabi/9.3.1/include-fixed]
  collapse include dir [/home/ubuntu/tests/coralmicro-out-of-tree-sample/coralmicro/third_party/toolchain-linux/gcc-arm-none-eabi-9-2020-q2-update/bin/../lib/gcc/arm-none-eabi/9.3.1/../../../../arm-none-eabi/include] ==> [/home/ubuntu/tests/coralmicro-out-of-tree-sample/coralmicro/third_party/toolchain-linux/gcc-arm-none-eabi-9-2020-q2-update/arm-none-eabi/include]
  implicit include dirs: [/home/ubuntu/tests/coralmicro-out-of-tree-sample/coralmicro/third_party/toolchain-linux/gcc-arm-none-eabi-9-2020-q2-update/arm-none-eabi/include/newlib-nano;/home/ubuntu/tests/coralmicro-out-of-tree-sample/coralmicro/third_party/toolchain-linux/gcc-arm-none-eabi-9-2020-q2-update/lib/gcc/arm-none-eabi/9.3.1/include;/home/ubuntu/tests/coralmicro-out-of-tree-sample/coralmicro/third_party/toolchain-linux/gcc-arm-none-eabi-9-2020-q2-update/lib/gcc/arm-none-eabi/9.3.1/include-fixed;/home/ubuntu/tests/coralmicro-out-of-tree-sample/coralmicro/third_party/toolchain-linux/gcc-arm-none-eabi-9-2020-q2-update/arm-none-eabi/include]


Parsed C implicit link information from above output:
  link line regex: [^( *|.*[/\])(ld|CMAKE_LINK_STARTFILE-NOTFOUND|([^/\]+-)?ld|collect2)[^/\]*( |$)]
  ignore line: [Change Dir: /home/ubuntu/tests/coralmicro-out-of-tree-sample/out/CMakeFiles/CMakeTmp]
  ignore line: []
  ignore line: [Run Build Command(s):/usr/bin/gmake -f Makefile cmTC_2207c/fast && /usr/bin/gmake  -f CMakeFiles/cmTC_2207c.dir/build.make CMakeFiles/cmTC_2207c.dir/build]
  ignore line: [gmake[1]: Entering directory '/home/ubuntu/tests/coralmicro-out-of-tree-sample/out/CMakeFiles/CMakeTmp']
  ignore line: [Building C object CMakeFiles/cmTC_2207c.dir/CMakeCCompilerABI.c.obj]
  ignore line: [/home/ubuntu/tests/coralmicro-out-of-tree-sample/coralmicro/third_party/toolchain-linux/gcc-arm-none-eabi-9-2020-q2-update/bin/arm-none-eabi-gcc   -Wall -Wno-psabi -mthumb -fno-common -ffunction-sections -fdata-sections -ffreestanding -fno-builtin -mapcs-frame --specs=nano.specs --specs=nosys.specs -u _printf_float -ffile-prefix-map=/home/ubuntu/tests/coralmicro-out-of-tree-sample= -std=gnu99    -v -o CMakeFiles/cmTC_2207c.dir/CMakeCCompilerABI.c.obj -c /usr/share/cmake-3.22/Modules/CMakeCCompilerABI.c]
  ignore line: [Using built-in specs.]
  ignore line: [Reading specs from /home/ubuntu/tests/coralmicro-out-of-tree-sample/coralmicro/third_party/toolchain-linux/gcc-arm-none-eabi-9-2020-q2-update/bin/../lib/gcc/arm-none-eabi/9.3.1/../../../../arm-none-eabi/lib/nano.specs]
  ignore line: [rename spec link to nano_link]
  ignore line: [rename spec link_gcc_c_sequence to nano_link_gcc_c_sequence]
  ignore line: [rename spec cpp_unique_options to nano_cpp_unique_options]
  ignore line: [Reading specs from /home/ubuntu/tests/coralmicro-out-of-tree-sample/coralmicro/third_party/toolchain-linux/gcc-arm-none-eabi-9-2020-q2-update/bin/../lib/gcc/arm-none-eabi/9.3.1/../../../../arm-none-eabi/lib/nosys.specs]
  ignore line: [rename spec link_gcc_c_sequence to nosys_link_gcc_c_sequence]
  ignore line: [COLLECT_GCC=/home/ubuntu/tests/coralmicro-out-of-tree-sample/coralmicro/third_party/toolchain-linux/gcc-arm-none-eabi-9-2020-q2-update/bin/arm-none-eabi-gcc]
  ignore line: [Target: arm-none-eabi]
  ignore line: [Configured with: /mnt/workspace/workspace/GCC-9-pipeline/jenkins-GCC-9-pipeline-200_20200521_1590053374/src/gcc/configure --target=arm-none-eabi --prefix=/mnt/workspace/workspace/GCC-9-pipeline/jenkins-GCC-9-pipeline-200_20200521_1590053374/install-native --libexecdir=/mnt/workspace/workspace/GCC-9-pipeline/jenkins-GCC-9-pipeline-200_20200521_1590053374/install-native/lib --infodir=/mnt/workspace/workspace/GCC-9-pipeline/jenkins-GCC-9-pipeline-200_20200521_1590053374/install-native/share/doc/gcc-arm-none-eabi/info --mandir=/mnt/workspace/workspace/GCC-9-pipeline/jenkins-GCC-9-pipeline-200_20200521_1590053374/install-native/share/doc/gcc-arm-none-eabi/man --htmldir=/mnt/workspace/workspace/GCC-9-pipeline/jenkins-GCC-9-pipeline-200_20200521_1590053374/install-native/share/doc/gcc-arm-none-eabi/html --pdfdir=/mnt/workspace/workspace/GCC-9-pipeline/jenkins-GCC-9-pipeline-200_20200521_1590053374/install-native/share/doc/gcc-arm-none-eabi/pdf --enable-languages=c,c++ --enable-plugins --disable-decimal-float --disable-libffi --disable-libgomp --disable-libmudflap --disable-libquadmath --disable-libssp --disable-libstdcxx-pch --disable-nls --disable-shared --disable-threads --disable-tls --with-gnu-as --with-gnu-ld --with-newlib --with-headers=yes --with-python-dir=share/gcc-arm-none-eabi --with-sysroot=/mnt/workspace/workspace/GCC-9-pipeline/jenkins-GCC-9-pipeline-200_20200521_1590053374/install-native/arm-none-eabi --build=x86_64-linux-gnu --host=x86_64-linux-gnu --with-gmp=/mnt/workspace/workspace/GCC-9-pipeline/jenkins-GCC-9-pipeline-200_20200521_1590053374/build-native/host-libs/usr --with-mpfr=/mnt/workspace/workspace/GCC-9-pipeline/jenkins-GCC-9-pipeline-200_20200521_1590053374/build-native/host-libs/usr --with-mpc=/mnt/workspace/workspace/GCC-9-pipeline/jenkins-GCC-9-pipeline-200_20200521_1590053374/build-native/host-libs/usr --with-isl=/mnt/workspace/workspace/GCC-9-pipeline/jenkins-GCC-9-pipeline-200_20200521_1590053374/build-native/host-libs/usr --with-libelf=/mnt/workspace/workspace/GCC-9-pipeline/jenkins-GCC-9-pipeline-200_20200521_1590053374/build-native/host-libs/usr --with-host-libstdcxx='-static-libgcc -Wl,-Bstatic,-lstdc++,-Bdynamic -lm' --with-pkgversion='GNU Arm Embedded Toolchain 9-2020-q2-update' --with-multilib-list=rmprofile,aprofile]
  ignore line: [Thread model: single]
  ignore line: [gcc version 9.3.1 20200408 (release) (GNU Arm Embedded Toolchain 9-2020-q2-update) ]
  ignore line: [COLLECT_GCC_OPTIONS='-Wall' '-Wno-psabi' '-mthumb' '-fno-common' '-ffunction-sections' '-fdata-sections' '-ffreestanding' '-fno-builtin' '-mapcs-frame' '-specs=nano.specs' '-specs=nosys.specs' '-u' '_printf_float' '-ffile-prefix-map=/home/ubuntu/tests/coralmicro-out-of-tree-sample=' '-std=gnu99' '-v' '-o' 'CMakeFiles/cmTC_2207c.dir/CMakeCCompilerABI.c.obj' '-c' '-mcpu=arm7tdmi' '-mfloat-abi=soft' '-march=armv4t']
  ignore line: [ /home/ubuntu/tests/coralmicro-out-of-tree-sample/coralmicro/third_party/toolchain-linux/gcc-arm-none-eabi-9-2020-q2-update/bin/../lib/gcc/arm-none-eabi/9.3.1/cc1 -isystem =/include/newlib-nano -quiet -v -imultilib thumb/nofp -iprefix /home/ubuntu/tests/coralmicro-out-of-tree-sample/coralmicro/third_party/toolchain-linux/gcc-arm-none-eabi-9-2020-q2-update/bin/../lib/gcc/arm-none-eabi/9.3.1/ -isysroot /home/ubuntu/tests/coralmicro-out-of-tree-sample/coralmicro/third_party/toolchain-linux/gcc-arm-none-eabi-9-2020-q2-update/bin/../arm-none-eabi -D__USES_INITFINI__ /usr/share/cmake-3.22/Modules/CMakeCCompilerABI.c -quiet -dumpbase CMakeCCompilerABI.c -mthumb -mapcs-frame -mcpu=arm7tdmi -mfloat-abi=soft -march=armv4t -auxbase-strip CMakeFiles/cmTC_2207c.dir/CMakeCCompilerABI.c.obj -Wall -Wno-psabi -std=gnu99 -version -fno-common -ffunction-sections -fdata-sections -ffreestanding -fno-builtin -ffile-prefix-map=/home/ubuntu/tests/coralmicro-out-of-tree-sample= -o /tmp/ccdqdHnb.s]
  ignore line: [GNU C99 (GNU Arm Embedded Toolchain 9-2020-q2-update) version 9.3.1 20200408 (release) (arm-none-eabi)]
  ignore line: [	compiled by GNU C version 4.8.4  GMP version 6.1.0  MPFR version 3.1.4  MPC version 1.0.3  isl version isl-0.18-GMP]
  ignore line: []
  ignore line: [GGC heuristics: --param ggc-min-expand=100 --param ggc-min-heapsize=131072]
  ignore line: [ignoring duplicate directory "/home/ubuntu/tests/coralmicro-out-of-tree-sample/coralmicro/third_party/toolchain-linux/gcc-arm-none-eabi-9-2020-q2-update/bin/../lib/gcc/../../lib/gcc/arm-none-eabi/9.3.1/include"]
  ignore line: [ignoring nonexistent directory "/home/ubuntu/tests/coralmicro-out-of-tree-sample/coralmicro/third_party/toolchain-linux/gcc-arm-none-eabi-9-2020-q2-update/bin/../arm-none-eabi/usr/local/include"]
  ignore line: [ignoring duplicate directory "/home/ubuntu/tests/coralmicro-out-of-tree-sample/coralmicro/third_party/toolchain-linux/gcc-arm-none-eabi-9-2020-q2-update/bin/../lib/gcc/../../lib/gcc/arm-none-eabi/9.3.1/include-fixed"]
  ignore line: [ignoring duplicate directory "/home/ubuntu/tests/coralmicro-out-of-tree-sample/coralmicro/third_party/toolchain-linux/gcc-arm-none-eabi-9-2020-q2-update/bin/../lib/gcc/../../lib/gcc/arm-none-eabi/9.3.1/../../../../arm-none-eabi/include"]
  ignore line: [ignoring nonexistent directory "/home/ubuntu/tests/coralmicro-out-of-tree-sample/coralmicro/third_party/toolchain-linux/gcc-arm-none-eabi-9-2020-q2-update/bin/../arm-none-eabi/usr/include"]
  ignore line: [#include "..." search starts here:]
  ignore line: [#include <...> search starts here:]
  ignore line: [ /home/ubuntu/tests/coralmicro-out-of-tree-sample/coralmicro/third_party/toolchain-linux/gcc-arm-none-eabi-9-2020-q2-update/bin/../arm-none-eabi/include/newlib-nano]
  ignore line: [ /home/ubuntu/tests/coralmicro-out-of-tree-sample/coralmicro/third_party/toolchain-linux/gcc-arm-none-eabi-9-2020-q2-update/bin/../lib/gcc/arm-none-eabi/9.3.1/include]
  ignore line: [ /home/ubuntu/tests/coralmicro-out-of-tree-sample/coralmicro/third_party/toolchain-linux/gcc-arm-none-eabi-9-2020-q2-update/bin/../lib/gcc/arm-none-eabi/9.3.1/include-fixed]
  ignore line: [ /home/ubuntu/tests/coralmicro-out-of-tree-sample/coralmicro/third_party/toolchain-linux/gcc-arm-none-eabi-9-2020-q2-update/bin/../lib/gcc/arm-none-eabi/9.3.1/../../../../arm-none-eabi/include]
  ignore line: [End of search list.]
  ignore line: [GNU C99 (GNU Arm Embedded Toolchain 9-2020-q2-update) version 9.3.1 20200408 (release) (arm-none-eabi)]
  ignore line: [	compiled by GNU C version 4.8.4  GMP version 6.1.0  MPFR version 3.1.4  MPC version 1.0.3  isl version isl-0.18-GMP]
  ignore line: []
  ignore line: [GGC heuristics: --param ggc-min-expand=100 --param ggc-min-heapsize=131072]
  ignore line: [Compiler executable checksum: 17f1e178bf798cb7013d26242c30c1f0]
  ignore line: [COLLECT_GCC_OPTIONS='-Wall' '-Wno-psabi' '-mthumb' '-fno-common' '-ffunction-sections' '-fdata-sections' '-ffreestanding' '-fno-builtin' '-mapcs-frame' '-specs=nano.specs' '-specs=nosys.specs' '-u' '_printf_float' '-ffile-prefix-map=/home/ubuntu/tests/coralmicro-out-of-tree-sample=' '-std=gnu99' '-v' '-o' 'CMakeFiles/cmTC_2207c.dir/CMakeCCompilerABI.c.obj' '-c' '-mcpu=arm7tdmi' '-mfloat-abi=soft' '-march=armv4t']
  ignore line: [ /home/ubuntu/tests/coralmicro-out-of-tree-sample/coralmicro/third_party/toolchain-linux/gcc-arm-none-eabi-9-2020-q2-update/bin/../lib/gcc/arm-none-eabi/9.3.1/../../../../arm-none-eabi/bin/as -v -march=armv4t -mapcs-frame -mfloat-abi=soft -meabi=5 -o CMakeFiles/cmTC_2207c.dir/CMakeCCompilerABI.c.obj /tmp/ccdqdHnb.s]
  ignore line: [GNU assembler version 2.34.0 (arm-none-eabi) using BFD version (GNU Arm Embedded Toolchain 9-2020-q2-update) 2.34.0.20200428]
  ignore line: [COMPILER_PATH=/home/ubuntu/tests/coralmicro-out-of-tree-sample/coralmicro/third_party/toolchain-linux/gcc-arm-none-eabi-9-2020-q2-update/bin/../lib/gcc/arm-none-eabi/9.3.1/:/home/ubuntu/tests/coralmicro-out-of-tree-sample/coralmicro/third_party/toolchain-linux/gcc-arm-none-eabi-9-2020-q2-update/bin/../lib/gcc/:/home/ubuntu/tests/coralmicro-out-of-tree-sample/coralmicro/third_party/toolchain-linux/gcc-arm-none-eabi-9-2020-q2-update/bin/../lib/gcc/arm-none-eabi/9.3.1/../../../../arm-none-eabi/bin/]
  ignore line: [LIBRARY_PATH=/home/ubuntu/tests/coralmicro-out-of-tree-sample/coralmicro/third_party/toolchain-linux/gcc-arm-none-eabi-9-2020-q2-update/bin/../lib/gcc/arm-none-eabi/9.3.1/thumb/nofp/:/home/ubuntu/tests/coralmicro-out-of-tree-sample/coralmicro/third_party/toolchain-linux/gcc-arm-none-eabi-9-2020-q2-update/bin/../lib/gcc/arm-none-eabi/9.3.1/../../../../arm-none-eabi/lib/thumb/nofp/:/home/ubuntu/tests/coralmicro-out-of-tree-sample/coralmicro/third_party/toolchain-linux/gcc-arm-none-eabi-9-2020-q2-update/bin/../arm-none-eabi/lib/thumb/nofp/:/home/ubuntu/tests/coralmicro-out-of-tree-sample/coralmicro/third_party/toolchain-linux/gcc-arm-none-eabi-9-2020-q2-update/bin/../lib/gcc/arm-none-eabi/9.3.1/:/home/ubuntu/tests/coralmicro-out-of-tree-sample/coralmicro/third_party/toolchain-linux/gcc-arm-none-eabi-9-2020-q2-update/bin/../lib/gcc/:/home/ubuntu/tests/coralmicro-out-of-tree-sample/coralmicro/third_party/toolchain-linux/gcc-arm-none-eabi-9-2020-q2-update/bin/../lib/gcc/arm-none-eabi/9.3.1/../../../../arm-none-eabi/lib/:/home/ubuntu/tests/coralmicro-out-of-tree-sample/coralmicro/third_party/toolchain-linux/gcc-arm-none-eabi-9-2020-q2-update/bin/../arm-none-eabi/lib/]
  ignore line: [COLLECT_GCC_OPTIONS='-Wall' '-Wno-psabi' '-mthumb' '-fno-common' '-ffunction-sections' '-fdata-sections' '-ffreestanding' '-fno-builtin' '-mapcs-frame' '-specs=nano.specs' '-specs=nosys.specs' '-u' '_printf_float' '-ffile-prefix-map=/home/ubuntu/tests/coralmicro-out-of-tree-sample=' '-std=gnu99' '-v' '-o' 'CMakeFiles/cmTC_2207c.dir/CMakeCCompilerABI.c.obj' '-c' '-mcpu=arm7tdmi' '-mfloat-abi=soft' '-march=armv4t']
  ignore line: [Linking C static library libcmTC_2207c.a]
  ignore line: [/usr/bin/cmake -P CMakeFiles/cmTC_2207c.dir/cmake_clean_target.cmake]
  ignore line: [/usr/bin/cmake -E cmake_link_script CMakeFiles/cmTC_2207c.dir/link.txt --verbose=1]
  ignore line: [/home/ubuntu/tests/coralmicro-out-of-tree-sample/coralmicro/third_party/toolchain-linux/gcc-arm-none-eabi-9-2020-q2-update/bin/arm-none-eabi-ar rcsP libcmTC_2207c.a CMakeFiles/cmTC_2207c.dir/CMakeCCompilerABI.c.obj]
  ignore line: [gmake[1]: Leaving directory '/home/ubuntu/tests/coralmicro-out-of-tree-sample/out/CMakeFiles/CMakeTmp']
  ignore line: []
  ignore line: []
  implicit libs: []
  implicit objs: []
  implicit dirs: []
  implicit fwks: []


Detecting CXX compiler ABI info compiled with the following output:
Change Dir: /home/ubuntu/tests/coralmicro-out-of-tree-sample/out/CMakeFiles/CMakeTmp

Run Build Command(s):/usr/bin/gmake -f Makefile cmTC_f02e7/fast && /usr/bin/gmake  -f CMakeFiles/cmTC_f02e7.dir/build.make CMakeFiles/cmTC_f02e7.dir/build
gmake[1]: Entering directory '/home/ubuntu/tests/coralmicro-out-of-tree-sample/out/CMakeFiles/CMakeTmp'
Building CXX object CMakeFiles/cmTC_f02e7.dir/CMakeCXXCompilerABI.cpp.obj
/home/ubuntu/tests/coralmicro-out-of-tree-sample/coralmicro/third_party/toolchain-linux/gcc-arm-none-eabi-9-2020-q2-update/bin/arm-none-eabi-g++   -Wall -Wno-psabi -mthumb -fno-common -ffunction-sections -fdata-sections -ffreestanding -fno-builtin -mapcs-frame --specs=nano.specs --specs=nosys.specs -u _printf_float -ffile-prefix-map=/home/ubuntu/tests/coralmicro-out-of-tree-sample= -fno-rtti -fno-exceptions    -v -o CMakeFiles/cmTC_f02e7.dir/CMakeCXXCompilerABI.cpp.obj -c /usr/share/cmake-3.22/Modules/CMakeCXXCompilerABI.cpp
Using built-in specs.
Reading specs from /home/ubuntu/tests/coralmicro-out-of-tree-sample/coralmicro/third_party/toolchain-linux/gcc-arm-none-eabi-9-2020-q2-update/bin/../lib/gcc/arm-none-eabi/9.3.1/../../../../arm-none-eabi/lib/nano.specs
rename spec link to nano_link
rename spec link_gcc_c_sequence to nano_link_gcc_c_sequence
rename spec cpp_unique_options to nano_cpp_unique_options
Reading specs from /home/ubuntu/tests/coralmicro-out-of-tree-sample/coralmicro/third_party/toolchain-linux/gcc-arm-none-eabi-9-2020-q2-update/bin/../lib/gcc/arm-none-eabi/9.3.1/../../../../arm-none-eabi/lib/nosys.specs
rename spec link_gcc_c_sequence to nosys_link_gcc_c_sequence
COLLECT_GCC=/home/ubuntu/tests/coralmicro-out-of-tree-sample/coralmicro/third_party/toolchain-linux/gcc-arm-none-eabi-9-2020-q2-update/bin/arm-none-eabi-g++
Target: arm-none-eabi
Configured with: /mnt/workspace/workspace/GCC-9-pipeline/jenkins-GCC-9-pipeline-200_20200521_1590053374/src/gcc/configure --target=arm-none-eabi --prefix=/mnt/workspace/workspace/GCC-9-pipeline/jenkins-GCC-9-pipeline-200_20200521_1590053374/install-native --libexecdir=/mnt/workspace/workspace/GCC-9-pipeline/jenkins-GCC-9-pipeline-200_20200521_1590053374/install-native/lib --infodir=/mnt/workspace/workspace/GCC-9-pipeline/jenkins-GCC-9-pipeline-200_20200521_1590053374/install-native/share/doc/gcc-arm-none-eabi/info --mandir=/mnt/workspace/workspace/GCC-9-pipeline/jenkins-GCC-9-pipeline-200_20200521_1590053374/install-native/share/doc/gcc-arm-none-eabi/man --htmldir=/mnt/workspace/workspace/GCC-9-pipeline/jenkins-GCC-9-pipeline-200_20200521_1590053374/install-native/share/doc/gcc-arm-none-eabi/html --pdfdir=/mnt/workspace/workspace/GCC-9-pipeline/jenkins-GCC-9-pipeline-200_20200521_1590053374/install-native/share/doc/gcc-arm-none-eabi/pdf --enable-languages=c,c++ --enable-plugins --disable-decimal-float --disable-libffi --disable-libgomp --disable-libmudflap --disable-libquadmath --disable-libssp --disable-libstdcxx-pch --disable-nls --disable-shared --disable-threads --disable-tls --with-gnu-as --with-gnu-ld --with-newlib --with-headers=yes --with-python-dir=share/gcc-arm-none-eabi --with-sysroot=/mnt/workspace/workspace/GCC-9-pipeline/jenkins-GCC-9-pipeline-200_20200521_1590053374/install-native/arm-none-eabi --build=x86_64-linux-gnu --host=x86_64-linux-gnu --with-gmp=/mnt/workspace/workspace/GCC-9-pipeline/jenkins-GCC-9-pipeline-200_20200521_1590053374/build-native/host-libs/usr --with-mpfr=/mnt/workspace/workspace/GCC-9-pipeline/jenkins-GCC-9-pipeline-200_20200521_1590053374/build-native/host-libs/usr --with-mpc=/mnt/workspace/workspace/GCC-9-pipeline/jenkins-GCC-9-pipeline-200_20200521_1590053374/build-native/host-libs/usr --with-isl=/mnt/workspace/workspace/GCC-9-pipeline/jenkins-GCC-9-pipeline-200_20200521_1590053374/build-native/host-libs/usr --with-libelf=/mnt/workspace/workspace/GCC-9-pipeline/jenkins-GCC-9-pipeline-200_20200521_1590053374/build-native/host-libs/usr --with-host-libstdcxx='-static-libgcc -Wl,-Bstatic,-lstdc++,-Bdynamic -lm' --with-pkgversion='GNU Arm Embedded Toolchain 9-2020-q2-update' --with-multilib-list=rmprofile,aprofile
Thread model: single
gcc version 9.3.1 20200408 (release) (GNU Arm Embedded Toolchain 9-2020-q2-update) 
COLLECT_GCC_OPTIONS='-Wall' '-Wno-psabi' '-mthumb' '-fno-common' '-ffunction-sections' '-fdata-sections' '-ffreestanding' '-fno-builtin' '-mapcs-frame' '-specs=nano.specs' '-specs=nosys.specs' '-u' '_printf_float' '-ffile-prefix-map=/home/ubuntu/tests/coralmicro-out-of-tree-sample=' '-fno-rtti' '-fno-exceptions' '-v' '-o' 'CMakeFiles/cmTC_f02e7.dir/CMakeCXXCompilerABI.cpp.obj' '-c' '-mcpu=arm7tdmi' '-mfloat-abi=soft' '-march=armv4t'
 /home/ubuntu/tests/coralmicro-out-of-tree-sample/coralmicro/third_party/toolchain-linux/gcc-arm-none-eabi-9-2020-q2-update/bin/../lib/gcc/arm-none-eabi/9.3.1/cc1plus -isystem =/include/newlib-nano -quiet -v -imultilib thumb/nofp -iprefix /home/ubuntu/tests/coralmicro-out-of-tree-sample/coralmicro/third_party/toolchain-linux/gcc-arm-none-eabi-9-2020-q2-update/bin/../lib/gcc/arm-none-eabi/9.3.1/ -isysroot /home/ubuntu/tests/coralmicro-out-of-tree-sample/coralmicro/third_party/toolchain-linux/gcc-arm-none-eabi-9-2020-q2-update/bin/../arm-none-eabi -D__USES_INITFINI__ /usr/share/cmake-3.22/Modules/CMakeCXXCompilerABI.cpp -quiet -dumpbase CMakeCXXCompilerABI.cpp -mthumb -mapcs-frame -mcpu=arm7tdmi -mfloat-abi=soft -march=armv4t -auxbase-strip CMakeFiles/cmTC_f02e7.dir/CMakeCXXCompilerABI.cpp.obj -Wall -Wno-psabi -version -fno-common -ffunction-sections -fdata-sections -ffreestanding -fno-builtin -ffile-prefix-map=/home/ubuntu/tests/coralmicro-out-of-tree-sample= -fno-rtti -fno-exceptions -o /tmp/ccaaQbHd.s
GNU C++14 (GNU Arm Embedded Toolchain 9-2020-q2-update) version 9.3.1 20200408 (release) (arm-none-eabi)
	compiled by GNU C version 4.8.4, GMP version 6.1.0, MPFR version 3.1.4, MPC version 1.0.3, isl version isl-0.18-GMP

GGC heuristics: --param ggc-min-expand=100 --param ggc-min-heapsize=131072
ignoring duplicate directory "/home/ubuntu/tests/coralmicro-out-of-tree-sample/coralmicro/third_party/toolchain-linux/gcc-arm-none-eabi-9-2020-q2-update/bin/../lib/gcc/../../lib/gcc/arm-none-eabi/9.3.1/../../../../arm-none-eabi/include/c++/9.3.1"
ignoring duplicate directory "/home/ubuntu/tests/coralmicro-out-of-tree-sample/coralmicro/third_party/toolchain-linux/gcc-arm-none-eabi-9-2020-q2-update/bin/../lib/gcc/../../lib/gcc/arm-none-eabi/9.3.1/../../../../arm-none-eabi/include/c++/9.3.1/arm-none-eabi/thumb/nofp"
ignoring duplicate directory "/home/ubuntu/tests/coralmicro-out-of-tree-sample/coralmicro/third_party/toolchain-linux/gcc-arm-none-eabi-9-2020-q2-update/bin/../lib/gcc/../../lib/gcc/arm-none-eabi/9.3.1/../../../../arm-none-eabi/include/c++/9.3.1/backward"
ignoring duplicate directory "/home/ubuntu/tests/coralmicro-out-of-tree-sample/coralmicro/third_party/toolchain-linux/gcc-arm-none-eabi-9-2020-q2-update/bin/../lib/gcc/../../lib/gcc/arm-none-eabi/9.3.1/include"
ignoring nonexistent directory "/home/ubuntu/tests/coralmicro-out-of-tree-sample/coralmicro/third_party/toolchain-linux/gcc-arm-none-eabi-9-2020-q2-update/bin/../arm-none-eabi/usr/local/include"
ignoring duplicate directory "/home/ubuntu/tests/coralmicro-out-of-tree-sample/coralmicro/third_party/toolchain-linux/gcc-arm-none-eabi-9-2020-q2-update/bin/../lib/gcc/../../lib/gcc/arm-none-eabi/9.3.1/include-fixed"
ignoring duplicate directory "/home/ubuntu/tests/coralmicro-out-of-tree-sample/coralmicro/third_party/toolchain-linux/gcc-arm-none-eabi-9-2020-q2-update/bin/../lib/gcc/../../lib/gcc/arm-none-eabi/9.3.1/../../../../arm-none-eabi/include"
ignoring nonexistent directory "/home/ubuntu/tests/coralmicro-out-of-tree-sample/coralmicro/third_party/toolchain-linux/gcc-arm-none-eabi-9-2020-q2-update/bin/../arm-none-eabi/usr/include"
#include "..." search starts here:
#include <...> search starts here:
 /home/ubuntu/tests/coralmicro-out-of-tree-sample/coralmicro/third_party/toolchain-linux/gcc-arm-none-eabi-9-2020-q2-update/bin/../arm-none-eabi/include/newlib-nano
 /home/ubuntu/tests/coralmicro-out-of-tree-sample/coralmicro/third_party/toolchain-linux/gcc-arm-none-eabi-9-2020-q2-update/bin/../lib/gcc/arm-none-eabi/9.3.1/../../../../arm-none-eabi/include/c++/9.3.1
 /home/ubuntu/tests/coralmicro-out-of-tree-sample/coralmicro/third_party/toolchain-linux/gcc-arm-none-eabi-9-2020-q2-update/bin/../lib/gcc/arm-none-eabi/9.3.1/../../../../arm-none-eabi/include/c++/9.3.1/arm-none-eabi/thumb/nofp
 /home/ubuntu/tests/coralmicro-out-of-tree-sample/coralmicro/third_party/toolchain-linux/gcc-arm-none-eabi-9-2020-q2-update/bin/../lib/gcc/arm-none-eabi/9.3.1/../../../../arm-none-eabi/include/c++/9.3.1/backward
 /home/ubuntu/tests/coralmicro-out-of-tree-sample/coralmicro/third_party/toolchain-linux/gcc-arm-none-eabi-9-2020-q2-update/bin/../lib/gcc/arm-none-eabi/9.3.1/include
 /home/ubuntu/tests/coralmicro-out-of-tree-sample/coralmicro/third_party/toolchain-linux/gcc-arm-none-eabi-9-2020-q2-update/bin/../lib/gcc/arm-none-eabi/9.3.1/include-fixed
 /home/ubuntu/tests/coralmicro-out-of-tree-sample/coralmicro/third_party/toolchain-linux/gcc-arm-none-eabi-9-2020-q2-update/bin/../lib/gcc/arm-none-eabi/9.3.1/../../../../arm-none-eabi/include
End of search list.
GNU C++14 (GNU Arm Embedded Toolchain 9-2020-q2-update) version 9.3.1 20200408 (release) (arm-none-eabi)
	compiled by GNU C version 4.8.4, GMP version 6.1.0, MPFR version 3.1.4, MPC version 1.0.3, isl version isl-0.18-GMP

GGC heuristics: --param ggc-min-expand=100 --param ggc-min-heapsize=131072
Compiler executable checksum: 3cb932f70daa6671a7d108190c88329f
COLLECT_GCC_OPTIONS='-Wall' '-Wno-psabi' '-mthumb' '-fno-common' '-ffunction-sections' '-fdata-sections' '-ffreestanding' '-fno-builtin' '-mapcs-frame' '-specs=nano.specs' '-specs=nosys.specs' '-u' '_printf_float' '-ffile-prefix-map=/home/ubuntu/tests/coralmicro-out-of-tree-sample=' '-fno-rtti' '-fno-exceptions' '-v' '-o' 'CMakeFiles/cmTC_f02e7.dir/CMakeCXXCompilerABI.cpp.obj' '-c' '-mcpu=arm7tdmi' '-mfloat-abi=soft' '-march=armv4t'
 /home/ubuntu/tests/coralmicro-out-of-tree-sample/coralmicro/third_party/toolchain-linux/gcc-arm-none-eabi-9-2020-q2-update/bin/../lib/gcc/arm-none-eabi/9.3.1/../../../../arm-none-eabi/bin/as -v -march=armv4t -mapcs-frame -mfloat-abi=soft -meabi=5 -o CMakeFiles/cmTC_f02e7.dir/CMakeCXXCompilerABI.cpp.obj /tmp/ccaaQbHd.s
GNU assembler version 2.34.0 (arm-none-eabi) using BFD version (GNU Arm Embedded Toolchain 9-2020-q2-update) 2.34.0.20200428
COMPILER_PATH=/home/ubuntu/tests/coralmicro-out-of-tree-sample/coralmicro/third_party/toolchain-linux/gcc-arm-none-eabi-9-2020-q2-update/bin/../lib/gcc/arm-none-eabi/9.3.1/:/home/ubuntu/tests/coralmicro-out-of-tree-sample/coralmicro/third_party/toolchain-linux/gcc-arm-none-eabi-9-2020-q2-update/bin/../lib/gcc/:/home/ubuntu/tests/coralmicro-out-of-tree-sample/coralmicro/third_party/toolchain-linux/gcc-arm-none-eabi-9-2020-q2-update/bin/../lib/gcc/arm-none-eabi/9.3.1/../../../../arm-none-eabi/bin/
LIBRARY_PATH=/home/ubuntu/tests/coralmicro-out-of-tree-sample/coralmicro/third_party/toolchain-linux/gcc-arm-none-eabi-9-2020-q2-update/bin/../lib/gcc/arm-none-eabi/9.3.1/thumb/nofp/:/home/ubuntu/tests/coralmicro-out-of-tree-sample/coralmicro/third_party/toolchain-linux/gcc-arm-none-eabi-9-2020-q2-update/bin/../lib/gcc/arm-none-eabi/9.3.1/../../../../arm-none-eabi/lib/thumb/nofp/:/home/ubuntu/tests/coralmicro-out-of-tree-sample/coralmicro/third_party/toolchain-linux/gcc-arm-none-eabi-9-2020-q2-update/bin/../arm-none-eabi/lib/thumb/nofp/:/home/ubuntu/tests/coralmicro-out-of-tree-sample/coralmicro/third_party/toolchain-linux/gcc-arm-none-eabi-9-2020-q2-update/bin/../lib/gcc/arm-none-eabi/9.3.1/:/home/ubuntu/tests/coralmicro-out-of-tree-sample/coralmicro/third_party/toolchain-linux/gcc-arm-none-eabi-9-2020-q2-update/bin/../lib/gcc/:/home/ubuntu/tests/coralmicro-out-of-tree-sample/coralmicro/third_party/toolchain-linux/gcc-arm-none-eabi-9-2020-q2-update/bin/../lib/gcc/arm-none-eabi/9.3.1/../../../../arm-none-eabi/lib/:/home/ubuntu/tests/coralmicro-out-of-tree-sample/coralmicro/third_party/toolchain-linux/gcc-arm-none-eabi-9-2020-q2-update/bin/../arm-none-eabi/lib/
COLLECT_GCC_OPTIONS='-Wall' '-Wno-psabi' '-mthumb' '-fno-common' '-ffunction-sections' '-fdata-sections' '-ffreestanding' '-fno-builtin' '-mapcs-frame' '-specs=nano.specs' '-specs=nosys.specs' '-u' '_printf_float' '-ffile-prefix-map=/home/ubuntu/tests/coralmicro-out-of-tree-sample=' '-fno-rtti' '-fno-exceptions' '-v' '-o' 'CMakeFiles/cmTC_f02e7.dir/CMakeCXXCompilerABI.cpp.obj' '-c' '-mcpu=arm7tdmi' '-mfloat-abi=soft' '-march=armv4t'
Linking CXX static library libcmTC_f02e7.a
/usr/bin/cmake -P CMakeFiles/cmTC_f02e7.dir/cmake_clean_target.cmake
/usr/bin/cmake -E cmake_link_script CMakeFiles/cmTC_f02e7.dir/link.txt --verbose=1
/home/ubuntu/tests/coralmicro-out-of-tree-sample/coralmicro/third_party/toolchain-linux/gcc-arm-none-eabi-9-2020-q2-update/bin/arm-none-eabi-ar rcsP libcmTC_f02e7.a CMakeFiles/cmTC_f02e7.dir/CMakeCXXCompilerABI.cpp.obj
gmake[1]: Leaving directory '/home/ubuntu/tests/coralmicro-out-of-tree-sample/out/CMakeFiles/CMakeTmp'



Parsed CXX implicit include dir info from above output: rv=done
  found start of include info
  found start of implicit include info
    add: [/home/ubuntu/tests/coralmicro-out-of-tree-sample/coralmicro/third_party/toolchain-linux/gcc-arm-none-eabi-9-2020-q2-update/bin/../arm-none-eabi/include/newlib-nano]
    add: [/home/ubuntu/tests/coralmicro-out-of-tree-sample/coralmicro/third_party/toolchain-linux/gcc-arm-none-eabi-9-2020-q2-update/bin/../lib/gcc/arm-none-eabi/9.3.1/../../../../arm-none-eabi/include/c++/9.3.1]
    add: [/home/ubuntu/tests/coralmicro-out-of-tree-sample/coralmicro/third_party/toolchain-linux/gcc-arm-none-eabi-9-2020-q2-update/bin/../lib/gcc/arm-none-eabi/9.3.1/../../../../arm-none-eabi/include/c++/9.3.1/arm-none-eabi/thumb/nofp]
    add: [/home/ubuntu/tests/coralmicro-out-of-tree-sample/coralmicro/third_party/toolchain-linux/gcc-arm-none-eabi-9-2020-q2-update/bin/../lib/gcc/arm-none-eabi/9.3.1/../../../../arm-none-eabi/include/c++/9.3.1/backward]
    add: [/home/ubuntu/tests/coralmicro-out-of-tree-sample/coralmicro/third_party/toolchain-linux/gcc-arm-none-eabi-9-2020-q2-update/bin/../lib/gcc/arm-none-eabi/9.3.1/include]
    add: [/home/ubuntu/tests/coralmicro-out-of-tree-sample/coralmicro/third_party/toolchain-linux/gcc-arm-none-eabi-9-2020-q2-update/bin/../lib/gcc/arm-none-eabi/9.3.1/include-fixed]
    add: [/home/ubuntu/tests/coralmicro-out-of-tree-sample/coralmicro/third_party/toolchain-linux/gcc-arm-none-eabi-9-2020-q2-update/bin/../lib/gcc/arm-none-eabi/9.3.1/../../../../arm-none-eabi/include]
  end of search list found
  collapse include dir [/home/ubuntu/tests/coralmicro-out-of-tree-sample/coralmicro/third_party/toolchain-linux/gcc-arm-none-eabi-9-2020-q2-update/bin/../arm-none-eabi/include/newlib-nano] ==> [/home/ubuntu/tests/coralmicro-out-of-tree-sample/coralmicro/third_party/toolchain-linux/gcc-arm-none-eabi-9-2020-q2-update/arm-none-eabi/include/newlib-nano]
  collapse include dir [/home/ubuntu/tests/coralmicro-out-of-tree-sample/coralmicro/third_party/toolchain-linux/gcc-arm-none-eabi-9-2020-q2-update/bin/../lib/gcc/arm-none-eabi/9.3.1/../../../../arm-none-eabi/include/c++/9.3.1] ==> [/home/ubuntu/tests/coralmicro-out-of-tree-sample/coralmicro/third_party/toolchain-linux/gcc-arm-none-eabi-9-2020-q2-update/arm-none-eabi/include/c++/9.3.1]
  collapse include dir [/home/ubuntu/tests/coralmicro-out-of-tree-sample/coralmicro/third_party/toolchain-linux/gcc-arm-none-eabi-9-2020-q2-update/bin/../lib/gcc/arm-none-eabi/9.3.1/../../../../arm-none-eabi/include/c++/9.3.1/arm-none-eabi/thumb/nofp] ==> [/home/ubuntu/tests/coralmicro-out-of-tree-sample/coralmicro/third_party/toolchain-linux/gcc-arm-none-eabi-9-2020-q2-update/arm-none-eabi/include/c++/9.3.1/arm-none-eabi/thumb/nofp]
  collapse include dir [/home/ubuntu/tests/coralmicro-out-of-tree-sample/coralmicro/third_party/toolchain-linux/gcc-arm-none-eabi-9-2020-q2-update/bin/../lib/gcc/arm-none-eabi/9.3.1/../../../../arm-none-eabi/include/c++/9.3.1/backward] ==> [/home/ubuntu/tests/coralmicro-out-of-tree-sample/coralmicro/third_party/toolchain-linux/gcc-arm-none-eabi-9-2020-q2-update/arm-none-eabi/include/c++/9.3.1/backward]
  collapse include dir [/home/ubuntu/tests/coralmicro-out-of-tree-sample/coralmicro/third_party/toolchain-linux/gcc-arm-none-eabi-9-2020-q2-update/bin/../lib/gcc/arm-none-eabi/9.3.1/include] ==> [/home/ubuntu/tests/coralmicro-out-of-tree-sample/coralmicro/third_party/toolchain-linux/gcc-arm-none-eabi-9-2020-q2-update/lib/gcc/arm-none-eabi/9.3.1/include]
  collapse include dir [/home/ubuntu/tests/coralmicro-out-of-tree-sample/coralmicro/third_party/toolchain-linux/gcc-arm-none-eabi-9-2020-q2-update/bin/../lib/gcc/arm-none-eabi/9.3.1/include-fixed] ==> [/home/ubuntu/tests/coralmicro-out-of-tree-sample/coralmicro/third_party/toolchain-linux/gcc-arm-none-eabi-9-2020-q2-update/lib/gcc/arm-none-eabi/9.3.1/include-fixed]
  collapse include dir [/home/ubuntu/tests/coralmicro-out-of-tree-sample/coralmicro/third_party/toolchain-linux/gcc-arm-none-eabi-9-2020-q2-update/bin/../lib/gcc/arm-none-eabi/9.3.1/../../../../arm-none-eabi/include] ==> [/home/ubuntu/tests/coralmicro-out-of-tree-sample/coralmicro/third_party/toolchain-linux/gcc-arm-none-eabi-9-2020-q2-update/arm-none-eabi/include]
  implicit include dirs: [/home/ubuntu/tests/coralmicro-out-of-tree-sample/coralmicro/third_party/toolchain-linux/gcc-arm-none-eabi-9-2020-q2-update/arm-none-eabi/include/newlib-nano;/home/ubuntu/tests/coralmicro-out-of-tree-sample/coralmicro/third_party/toolchain-linux/gcc-arm-none-eabi-9-2020-q2-update/arm-none-eabi/include/c++/9.3.1;/home/ubuntu/tests/coralmicro-out-of-tree-sample/coralmicro/third_party/toolchain-linux/gcc-arm-none-eabi-9-2020-q2-update/arm-none-eabi/include/c++/9.3.1/arm-none-eabi/thumb/nofp;/home/ubuntu/tests/coralmicro-out-of-tree-sample/coralmicro/third_party/toolchain-linux/gcc-arm-none-eabi-9-2020-q2-update/arm-none-eabi/include/c++/9.3.1/backward;/home/ubuntu/tests/coralmicro-out-of-tree-sample/coralmicro/third_party/toolchain-linux/gcc-arm-none-eabi-9-2020-q2-update/lib/gcc/arm-none-eabi/9.3.1/include;/home/ubuntu/tests/coralmicro-out-of-tree-sample/coralmicro/third_party/toolchain-linux/gcc-arm-none-eabi-9-2020-q2-update/lib/gcc/arm-none-eabi/9.3.1/include-fixed;/home/ubuntu/tests/coralmicro-out-of-tree-sample/coralmicro/third_party/toolchain-linux/gcc-arm-none-eabi-9-2020-q2-update/arm-none-eabi/include]


Parsed CXX implicit link information from above output:
  link line regex: [^( *|.*[/\])(ld|CMAKE_LINK_STARTFILE-NOTFOUND|([^/\]+-)?ld|collect2)[^/\]*( |$)]
  ignore line: [Change Dir: /home/ubuntu/tests/coralmicro-out-of-tree-sample/out/CMakeFiles/CMakeTmp]
  ignore line: []
  ignore line: [Run Build Command(s):/usr/bin/gmake -f Makefile cmTC_f02e7/fast && /usr/bin/gmake  -f CMakeFiles/cmTC_f02e7.dir/build.make CMakeFiles/cmTC_f02e7.dir/build]
  ignore line: [gmake[1]: Entering directory '/home/ubuntu/tests/coralmicro-out-of-tree-sample/out/CMakeFiles/CMakeTmp']
  ignore line: [Building CXX object CMakeFiles/cmTC_f02e7.dir/CMakeCXXCompilerABI.cpp.obj]
  ignore line: [/home/ubuntu/tests/coralmicro-out-of-tree-sample/coralmicro/third_party/toolchain-linux/gcc-arm-none-eabi-9-2020-q2-update/bin/arm-none-eabi-g++   -Wall -Wno-psabi -mthumb -fno-common -ffunction-sections -fdata-sections -ffreestanding -fno-builtin -mapcs-frame --specs=nano.specs --specs=nosys.specs -u _printf_float -ffile-prefix-map=/home/ubuntu/tests/coralmicro-out-of-tree-sample= -fno-rtti -fno-exceptions    -v -o CMakeFiles/cmTC_f02e7.dir/CMakeCXXCompilerABI.cpp.obj -c /usr/share/cmake-3.22/Modules/CMakeCXXCompilerABI.cpp]
  ignore line: [Using built-in specs.]
  ignore line: [Reading specs from /home/ubuntu/tests/coralmicro-out-of-tree-sample/coralmicro/third_party/toolchain-linux/gcc-arm-none-eabi-9-2020-q2-update/bin/../lib/gcc/arm-none-eabi/9.3.1/../../../../arm-none-eabi/lib/nano.specs]
  ignore line: [rename spec link to nano_link]
  ignore line: [rename spec link_gcc_c_sequence to nano_link_gcc_c_sequence]
  ignore line: [rename spec cpp_unique_options to nano_cpp_unique_options]
  ignore line: [Reading specs from /home/ubuntu/tests/coralmicro-out-of-tree-sample/coralmicro/third_party/toolchain-linux/gcc-arm-none-eabi-9-2020-q2-update/bin/../lib/gcc/arm-none-eabi/9.3.1/../../../../arm-none-eabi/lib/nosys.specs]
  ignore line: [rename spec link_gcc_c_sequence to nosys_link_gcc_c_sequence]
  ignore line: [COLLECT_GCC=/home/ubuntu/tests/coralmicro-out-of-tree-sample/coralmicro/third_party/toolchain-linux/gcc-arm-none-eabi-9-2020-q2-update/bin/arm-none-eabi-g++]
  ignore line: [Target: arm-none-eabi]
  ignore line: [Configured with: /mnt/workspace/workspace/GCC-9-pipeline/jenkins-GCC-9-pipeline-200_20200521_1590053374/src/gcc/configure --target=arm-none-eabi --prefix=/mnt/workspace/workspace/GCC-9-pipeline/jenkins-GCC-9-pipeline-200_20200521_1590053374/install-native --libexecdir=/mnt/workspace/workspace/GCC-9-pipeline/jenkins-GCC-9-pipeline-200_20200521_1590053374/install-native/lib --infodir=/mnt/workspace/workspace/GCC-9-pipeline/jenkins-GCC-9-pipeline-200_20200521_1590053374/install-native/share/doc/gcc-arm-none-eabi/info --mandir=/mnt/workspace/workspace/GCC-9-pipeline/jenkins-GCC-9-pipeline-200_20200521_1590053374/install-native/share/doc/gcc-arm-none-eabi/man --htmldir=/mnt/workspace/workspace/GCC-9-pipeline/jenkins-GCC-9-pipeline-200_20200521_1590053374/install-native/share/doc/gcc-arm-none-eabi/html --pdfdir=/mnt/workspace/workspace/GCC-9-pipeline/jenkins-GCC-9-pipeline-200_20200521_1590053374/install-native/share/doc/gcc-arm-none-eabi/pdf --enable-languages=c,c++ --enable-plugins --disable-decimal-float --disable-libffi --disable-libgomp --disable-libmudflap --disable-libquadmath --disable-libssp --disable-libstdcxx-pch --disable-nls --disable-shared --disable-threads --disable-tls --with-gnu-as --with-gnu-ld --with-newlib --with-headers=yes --with-python-dir=share/gcc-arm-none-eabi --with-sysroot=/mnt/workspace/workspace/GCC-9-pipeline/jenkins-GCC-9-pipeline-200_20200521_1590053374/install-native/arm-none-eabi --build=x86_64-linux-gnu --host=x86_64-linux-gnu --with-gmp=/mnt/workspace/workspace/GCC-9-pipeline/jenkins-GCC-9-pipeline-200_20200521_1590053374/build-native/host-libs/usr --with-mpfr=/mnt/workspace/workspace/GCC-9-pipeline/jenkins-GCC-9-pipeline-200_20200521_1590053374/build-native/host-libs/usr --with-mpc=/mnt/workspace/workspace/GCC-9-pipeline/jenkins-GCC-9-pipeline-200_20200521_1590053374/build-native/host-libs/usr --with-isl=/mnt/workspace/workspace/GCC-9-pipeline/jenkins-GCC-9-pipeline-200_20200521_1590053374/build-native/host-libs/usr --with-libelf=/mnt/workspace/workspace/GCC-9-pipeline/jenkins-GCC-9-pipeline-200_20200521_1590053374/build-native/host-libs/usr --with-host-libstdcxx='-static-libgcc -Wl,-Bstatic,-lstdc++,-Bdynamic -lm' --with-pkgversion='GNU Arm Embedded Toolchain 9-2020-q2-update' --with-multilib-list=rmprofile,aprofile]
  ignore line: [Thread model: single]
  ignore line: [gcc version 9.3.1 20200408 (release) (GNU Arm Embedded Toolchain 9-2020-q2-update) ]
  ignore line: [COLLECT_GCC_OPTIONS='-Wall' '-Wno-psabi' '-mthumb' '-fno-common' '-ffunction-sections' '-fdata-sections' '-ffreestanding' '-fno-builtin' '-mapcs-frame' '-specs=nano.specs' '-specs=nosys.specs' '-u' '_printf_float' '-ffile-prefix-map=/home/ubuntu/tests/coralmicro-out-of-tree-sample=' '-fno-rtti' '-fno-exceptions' '-v' '-o' 'CMakeFiles/cmTC_f02e7.dir/CMakeCXXCompilerABI.cpp.obj' '-c' '-mcpu=arm7tdmi' '-mfloat-abi=soft' '-march=armv4t']
  ignore line: [ /home/ubuntu/tests/coralmicro-out-of-tree-sample/coralmicro/third_party/toolchain-linux/gcc-arm-none-eabi-9-2020-q2-update/bin/../lib/gcc/arm-none-eabi/9.3.1/cc1plus -isystem =/include/newlib-nano -quiet -v -imultilib thumb/nofp -iprefix /home/ubuntu/tests/coralmicro-out-of-tree-sample/coralmicro/third_party/toolchain-linux/gcc-arm-none-eabi-9-2020-q2-update/bin/../lib/gcc/arm-none-eabi/9.3.1/ -isysroot /home/ubuntu/tests/coralmicro-out-of-tree-sample/coralmicro/third_party/toolchain-linux/gcc-arm-none-eabi-9-2020-q2-update/bin/../arm-none-eabi -D__USES_INITFINI__ /usr/share/cmake-3.22/Modules/CMakeCXXCompilerABI.cpp -quiet -dumpbase CMakeCXXCompilerABI.cpp -mthumb -mapcs-frame -mcpu=arm7tdmi -mfloat-abi=soft -march=armv4t -auxbase-strip CMakeFiles/cmTC_f02e7.dir/CMakeCXXCompilerABI.cpp.obj -Wall -Wno-psabi -version -fno-common -ffunction-sections -fdata-sections -ffreestanding -fno-builtin -ffile-prefix-map=/home/ubuntu/tests/coralmicro-out-of-tree-sample= -fno-rtti -fno-exceptions -o /tmp/ccaaQbHd.s]
  ignore line: [GNU C++14 (GNU Arm Embedded Toolchain 9-2020-q2-update) version 9.3.1 20200408 (release) (arm-none-eabi)]
  ignore line: [	compiled by GNU C version 4.8.4  GMP version 6.1.0  MPFR version 3.1.4  MPC version 1.0.3  isl version isl-0.18-GMP]
  ignore line: []
  ignore line: [GGC heuristics: --param ggc-min-expand=100 --param ggc-min-heapsize=131072]
  ignore line: [ignoring duplicate directory "/home/ubuntu/tests/coralmicro-out-of-tree-sample/coralmicro/third_party/toolchain-linux/gcc-arm-none-eabi-9-2020-q2-update/bin/../lib/gcc/../../lib/gcc/arm-none-eabi/9.3.1/../../../../arm-none-eabi/include/c++/9.3.1"]
  ignore line: [ignoring duplicate directory "/home/ubuntu/tests/coralmicro-out-of-tree-sample/coralmicro/third_party/toolchain-linux/gcc-arm-none-eabi-9-2020-q2-update/bin/../lib/gcc/../../lib/gcc/arm-none-eabi/9.3.1/../../../../arm-none-eabi/include/c++/9.3.1/arm-none-eabi/thumb/nofp"]
  ignore line: [ignoring duplicate directory "/home/ubuntu/tests/coralmicro-out-of-tree-sample/coralmicro/third_party/toolchain-linux/gcc-arm-none-eabi-9-2020-q2-update/bin/../lib/gcc/../../lib/gcc/arm-none-eabi/9.3.1/../../../../arm-none-eabi/include/c++/9.3.1/backward"]
  ignore line: [ignoring duplicate directory "/home/ubuntu/tests/coralmicro-out-of-tree-sample/coralmicro/third_party/toolchain-linux/gcc-arm-none-eabi-9-2020-q2-update/bin/../lib/gcc/../../lib/gcc/arm-none-eabi/9.3.1/include"]
  ignore line: [ignoring nonexistent directory "/home/ubuntu/tests/coralmicro-out-of-tree-sample/coralmicro/third_party/toolchain-linux/gcc-arm-none-eabi-9-2020-q2-update/bin/../arm-none-eabi/usr/local/include"]
  ignore line: [ignoring duplicate directory "/home/ubuntu/tests/coralmicro-out-of-tree-sample/coralmicro/third_party/toolchain-linux/gcc-arm-none-eabi-9-2020-q2-update/bin/../lib/gcc/../../lib/gcc/arm-none-eabi/9.3.1/include-fixed"]
  ignore line: [ignoring duplicate directory "/home/ubuntu/tests/coralmicro-out-of-tree-sample/coralmicro/third_party/toolchain-linux/gcc-arm-none-eabi-9-2020-q2-update/bin/../lib/gcc/../../lib/gcc/arm-none-eabi/9.3.1/../../../../arm-none-eabi/include"]
  ignore line: [ignoring nonexistent directory "/home/ubuntu/tests/coralmicro-out-of-tree-sample/coralmicro/third_party/toolchain-linux/gcc-arm-none-eabi-9-2020-q2-update/bin/../arm-none-eabi/usr/include"]
  ignore line: [#include "..." search starts here:]
  ignore line: [#include <...> search starts here:]
  ignore line: [ /home/ubuntu/tests/coralmicro-out-of-tree-sample/coralmicro/third_party/toolchain-linux/gcc-arm-none-eabi-9-2020-q2-update/bin/../arm-none-eabi/include/newlib-nano]
  ignore line: [ /home/ubuntu/tests/coralmicro-out-of-tree-sample/coralmicro/third_party/toolchain-linux/gcc-arm-none-eabi-9-2020-q2-update/bin/../lib/gcc/arm-none-eabi/9.3.1/../../../../arm-none-eabi/include/c++/9.3.1]
  ignore line: [ /home/ubuntu/tests/coralmicro-out-of-tree-sample/coralmicro/third_party/toolchain-linux/gcc-arm-none-eabi-9-2020-q2-update/bin/../lib/gcc/arm-none-eabi/9.3.1/../../../../arm-none-eabi/include/c++/9.3.1/arm-none-eabi/thumb/nofp]
  ignore line: [ /home/ubuntu/tests/coralmicro-out-of-tree-sample/coralmicro/third_party/toolchain-linux/gcc-arm-none-eabi-9-2020-q2-update/bin/../lib/gcc/arm-none-eabi/9.3.1/../../../../arm-none-eabi/include/c++/9.3.1/backward]
  ignore line: [ /home/ubuntu/tests/coralmicro-out-of-tree-sample/coralmicro/third_party/toolchain-linux/gcc-arm-none-eabi-9-2020-q2-update/bin/../lib/gcc/arm-none-eabi/9.3.1/include]
  ignore line: [ /home/ubuntu/tests/coralmicro-out-of-tree-sample/coralmicro/third_party/toolchain-linux/gcc-arm-none-eabi-9-2020-q2-update/bin/../lib/gcc/arm-none-eabi/9.3.1/include-fixed]
  ignore line: [ /home/ubuntu/tests/coralmicro-out-of-tree-sample/coralmicro/third_party/toolchain-linux/gcc-arm-none-eabi-9-2020-q2-update/bin/../lib/gcc/arm-none-eabi/9.3.1/../../../../arm-none-eabi/include]
  ignore line: [End of search list.]
  ignore line: [GNU C++14 (GNU Arm Embedded Toolchain 9-2020-q2-update) version 9.3.1 20200408 (release) (arm-none-eabi)]
  ignore line: [	compiled by GNU C version 4.8.4  GMP version 6.1.0  MPFR version 3.1.4  MPC version 1.0.3  isl version isl-0.18-GMP]
  ignore line: []
  ignore line: [GGC heuristics: --param ggc-min-expand=100 --param ggc-min-heapsize=131072]
  ignore line: [Compiler executable checksum: 3cb932f70daa6671a7d108190c88329f]
  ignore line: [COLLECT_GCC_OPTIONS='-Wall' '-Wno-psabi' '-mthumb' '-fno-common' '-ffunction-sections' '-fdata-sections' '-ffreestanding' '-fno-builtin' '-mapcs-frame' '-specs=nano.specs' '-specs=nosys.specs' '-u' '_printf_float' '-ffile-prefix-map=/home/ubuntu/tests/coralmicro-out-of-tree-sample=' '-fno-rtti' '-fno-exceptions' '-v' '-o' 'CMakeFiles/cmTC_f02e7.dir/CMakeCXXCompilerABI.cpp.obj' '-c' '-mcpu=arm7tdmi' '-mfloat-abi=soft' '-march=armv4t']
  ignore line: [ /home/ubuntu/tests/coralmicro-out-of-tree-sample/coralmicro/third_party/toolchain-linux/gcc-arm-none-eabi-9-2020-q2-update/bin/../lib/gcc/arm-none-eabi/9.3.1/../../../../arm-none-eabi/bin/as -v -march=armv4t -mapcs-frame -mfloat-abi=soft -meabi=5 -o CMakeFiles/cmTC_f02e7.dir/CMakeCXXCompilerABI.cpp.obj /tmp/ccaaQbHd.s]
  ignore line: [GNU assembler version 2.34.0 (arm-none-eabi) using BFD version (GNU Arm Embedded Toolchain 9-2020-q2-update) 2.34.0.20200428]
  ignore line: [COMPILER_PATH=/home/ubuntu/tests/coralmicro-out-of-tree-sample/coralmicro/third_party/toolchain-linux/gcc-arm-none-eabi-9-2020-q2-update/bin/../lib/gcc/arm-none-eabi/9.3.1/:/home/ubuntu/tests/coralmicro-out-of-tree-sample/coralmicro/third_party/toolchain-linux/gcc-arm-none-eabi-9-2020-q2-update/bin/../lib/gcc/:/home/ubuntu/tests/coralmicro-out-of-tree-sample/coralmicro/third_party/toolchain-linux/gcc-arm-none-eabi-9-2020-q2-update/bin/../lib/gcc/arm-none-eabi/9.3.1/../../../../arm-none-eabi/bin/]
  ignore line: [LIBRARY_PATH=/home/ubuntu/tests/coralmicro-out-of-tree-sample/coralmicro/third_party/toolchain-linux/gcc-arm-none-eabi-9-2020-q2-update/bin/../lib/gcc/arm-none-eabi/9.3.1/thumb/nofp/:/home/ubuntu/tests/coralmicro-out-of-tree-sample/coralmicro/third_party/toolchain-linux/gcc-arm-none-eabi-9-2020-q2-update/bin/../lib/gcc/arm-none-eabi/9.3.1/../../../../arm-none-eabi/lib/thumb/nofp/:/home/ubuntu/tests/coralmicro-out-of-tree-sample/coralmicro/third_party/toolchain-linux/gcc-arm-none-eabi-9-2020-q2-update/bin/../arm-none-eabi/lib/thumb/nofp/:/home/ubuntu/tests/coralmicro-out-of-tree-sample/coralmicro/third_party/toolchain-linux/gcc-arm-none-eabi-9-2020-q2-update/bin/../lib/gcc/arm-none-eabi/9.3.1/:/home/ubuntu/tests/coralmicro-out-of-tree-sample/coralmicro/third_party/toolchain-linux/gcc-arm-none-eabi-9-2020-q2-update/bin/../lib/gcc/:/home/ubuntu/tests/coralmicro-out-of-tree-sample/coralmicro/third_party/toolchain-linux/gcc-arm-none-eabi-9-2020-q2-update/bin/../lib/gcc/arm-none-eabi/9.3.1/../../../../arm-none-eabi/lib/:/home/ubuntu/tests/coralmicro-out-of-tree-sample/coralmicro/third_party/toolchain-linux/gcc-arm-none-eabi-9-2020-q2-update/bin/../arm-none-eabi/lib/]
  ignore line: [COLLECT_GCC_OPTIONS='-Wall' '-Wno-psabi' '-mthumb' '-fno-common' '-ffunction-sections' '-fdata-sections' '-ffreestanding' '-fno-builtin' '-mapcs-frame' '-specs=nano.specs' '-specs=nosys.specs' '-u' '_printf_float' '-ffile-prefix-map=/home/ubuntu/tests/coralmicro-out-of-tree-sample=' '-fno-rtti' '-fno-exceptions' '-v' '-o' 'CMakeFiles/cmTC_f02e7.dir/CMakeCXXCompilerABI.cpp.obj' '-c' '-mcpu=arm7tdmi' '-mfloat-abi=soft' '-march=armv4t']
  ignore line: [Linking CXX static library libcmTC_f02e7.a]
  ignore line: [/usr/bin/cmake -P CMakeFiles/cmTC_f02e7.dir/cmake_clean_target.cmake]
  ignore line: [/usr/bin/cmake -E cmake_link_script CMakeFiles/cmTC_f02e7.dir/link.txt --verbose=1]
  ignore line: [/home/ubuntu/tests/coralmicro-out-of-tree-sample/coralmicro/third_party/toolchain-linux/gcc-arm-none-eabi-9-2020-q2-update/bin/arm-none-eabi-ar rcsP libcmTC_f02e7.a CMakeFiles/cmTC_f02e7.dir/CMakeCXXCompilerABI.cpp.obj]
  ignore line: [gmake[1]: Leaving directory '/home/ubuntu/tests/coralmicro-out-of-tree-sample/out/CMakeFiles/CMakeTmp']
  ignore line: []
  ignore line: []
  implicit libs: []
  implicit objs: []
  implicit dirs: []
  implicit fwks: []


Checking whether the ASM compiler is GNU using "--version" matched "(GNU assembler)|(GCC)|(Free Software Foundation)":
arm-none-eabi-gcc (GNU Arm Embedded Toolchain 9-2020-q2-update) 9.3.1 20200408 (release)
Copyright (C) 2019 Free Software Foundation, Inc.
This is free software; see the source for copying conditions.  There is NO
warranty; not even for MERCHANTABILITY or FITNESS FOR A PARTICULAR PURPOSE.

